[ 2017-08-13T05:31:31+08:00 ] 123.125.67.162 /admin.php/Member/MemberEditHtml/id/1
INFO: [ app_begin ] --START--
INFO: Run Behavior\ReadHtmlCache [ RunTime:0.000282s ]
INFO: [ app_begin ] --END-- [ RunTime:0.000516s ]

[ 2017-08-13T05:31:31+08:00 ] 123.125.67.221 /admin.php/Login/Login.html
INFO: [ app_begin ] --START--
INFO: Run Behavior\ReadHtmlCache [ RunTime:0.000312s ]
INFO: [ app_begin ] --END-- [ RunTime:0.000549s ]
INFO: [ view_parse ] --START--
INFO: [ template_filter ] --START--
INFO: Run Behavior\ContentReplace [ RunTime:0.000032s ]
INFO: [ template_filter ] --END-- [ RunTime:0.000076s ]
INFO: Run Behavior\ParseTemplate [ RunTime:0.005271s ]
INFO: [ view_parse ] --END-- [ RunTime:0.005321s ]
INFO: [ view_filter ] --START--
INFO: Run Behavior\WriteHtmlCache [ RunTime:0.000264s ]
INFO: [ view_filter ] --END-- [ RunTime:0.000294s ]
INFO: [ app_end ] --START--
INFO: Run Behavior\ShowPageTrace [ RunTime:0.000518s ]
INFO: [ app_end ] --END-- [ RunTime:0.000556s ]

