[ 2017-08-02T09:32:21+08:00 ] 223.71.245.118 /admin.php/Login/PostLogin
INFO: [ app_begin ] --START--
INFO: Run Behavior\ReadHtmlCache [ RunTime:0.000557s ]
INFO: [ app_begin ] --END-- [ RunTime:0.001017s ]
NOTIC: [8192] mysql_connect(): The mysql extension is deprecated and will be removed in the future: use mysqli or PDO instead /www_test/fenxiao/ThinkPHP/Library/Think/Db/Driver/Mysql.class.php 第 52 行.
SQL: SHOW COLUMNS FROM `qph_login` [ RunTime:0.001047s ]
ERR: 1146:Table 'distribution.qph_login' doesn't exist
 [ SQL语句 ] : SHOW COLUMNS FROM `qph_login`
SQL: SHOW COLUMNS FROM `qph_admin` [ RunTime:0.000511s ]
SQL: SELECT `uid`,`name`,`last_login_ip`,`group_id`,`state`,`pwd` FROM `qph_admin` WHERE ( `mobile` = '18977213254' ) AND ( `pwd` = '5854acf38caa01d136aa12e81164937e' ) LIMIT 1   [ RunTime:0.000273s ]
INFO: [ app_end ] --START--
INFO: Run Behavior\ShowPageTrace [ RunTime:0.000706s ]
INFO: [ app_end ] --END-- [ RunTime:0.000749s ]

[ 2017-08-02T09:37:33+08:00 ] 223.71.245.118 /admin.php/Login/PostLogin
INFO: [ app_begin ] --START--
INFO: Run Behavior\ReadHtmlCache [ RunTime:0.000311s ]
INFO: [ app_begin ] --END-- [ RunTime:0.000539s ]
NOTIC: [8192] mysql_connect(): The mysql extension is deprecated and will be removed in the future: use mysqli or PDO instead /www_test/fenxiao/ThinkPHP/Library/Think/Db/Driver/Mysql.class.php 第 52 行.
SQL: SHOW COLUMNS FROM `qph_login` [ RunTime:0.000480s ]
ERR: 1146:Table 'distribution.qph_login' doesn't exist
 [ SQL语句 ] : SHOW COLUMNS FROM `qph_login`
SQL: SHOW COLUMNS FROM `qph_admin` [ RunTime:0.000483s ]
SQL: SELECT `uid`,`name`,`last_login_ip`,`group_id`,`state`,`pwd` FROM `qph_admin` WHERE ( `mobile` = '18311728732' ) AND ( `pwd` = '5854acf38caa01d136aa12e81164937e' ) LIMIT 1   [ RunTime:0.000246s ]
INFO: [ app_end ] --START--
INFO: Run Behavior\ShowPageTrace [ RunTime:0.000333s ]
INFO: [ app_end ] --END-- [ RunTime:0.000369s ]

[ 2017-08-02T09:40:39+08:00 ] 223.71.245.118 /admin.php/Login/PostLogin
INFO: [ app_begin ] --START--
INFO: Run Behavior\ReadHtmlCache [ RunTime:0.000311s ]
INFO: [ app_begin ] --END-- [ RunTime:0.000554s ]
NOTIC: [8192] mysql_connect(): The mysql extension is deprecated and will be removed in the future: use mysqli or PDO instead /www_test/fenxiao/ThinkPHP/Library/Think/Db/Driver/Mysql.class.php 第 52 行.
SQL: SHOW COLUMNS FROM `qph_login` [ RunTime:0.000478s ]
ERR: 1146:Table 'distribution.qph_login' doesn't exist
 [ SQL语句 ] : SHOW COLUMNS FROM `qph_login`
SQL: SHOW COLUMNS FROM `qph_admin` [ RunTime:0.000504s ]
SQL: SELECT `uid`,`name`,`last_login_ip`,`group_id`,`state`,`pwd` FROM `qph_admin` WHERE ( `mobile` = '18922214321' ) AND ( `pwd` = '5854acf38caa01d136aa12e81164937e' ) LIMIT 1   [ RunTime:0.000272s ]
INFO: [ app_end ] --START--
INFO: Run Behavior\ShowPageTrace [ RunTime:0.000397s ]
INFO: [ app_end ] --END-- [ RunTime:0.000434s ]

[ 2017-08-02T09:58:50+08:00 ] 223.71.245.118 /admin.php/Login/PostLogin
INFO: [ app_begin ] --START--
INFO: Run Behavior\ReadHtmlCache [ RunTime:0.000327s ]
INFO: [ app_begin ] --END-- [ RunTime:0.000602s ]
NOTIC: [8192] mysql_connect(): The mysql extension is deprecated and will be removed in the future: use mysqli or PDO instead /www_test/fenxiao/ThinkPHP/Library/Think/Db/Driver/Mysql.class.php 第 52 行.
SQL: SHOW COLUMNS FROM `qph_login` [ RunTime:0.000506s ]
ERR: 1146:Table 'distribution.qph_login' doesn't exist
 [ SQL语句 ] : SHOW COLUMNS FROM `qph_login`
SQL: SHOW COLUMNS FROM `qph_admin` [ RunTime:0.000490s ]
SQL: SELECT `uid`,`name`,`last_login_ip`,`group_id`,`state`,`pwd` FROM `qph_admin` WHERE ( `mobile` = '18911275487' ) AND ( `pwd` = '9847909a639a539ddfa557062ebca1bd' ) LIMIT 1   [ RunTime:0.000283s ]
INFO: [ app_end ] --START--
INFO: Run Behavior\ShowPageTrace [ RunTime:0.000414s ]
INFO: [ app_end ] --END-- [ RunTime:0.000486s ]

[ 2017-08-02T10:01:03+08:00 ] 223.71.245.118 /admin.php/Login/PostLogin
INFO: [ app_begin ] --START--
INFO: Run Behavior\ReadHtmlCache [ RunTime:0.000310s ]
INFO: [ app_begin ] --END-- [ RunTime:0.000547s ]
NOTIC: [8192] mysql_connect(): The mysql extension is deprecated and will be removed in the future: use mysqli or PDO instead /www_test/fenxiao/ThinkPHP/Library/Think/Db/Driver/Mysql.class.php 第 52 行.
SQL: SHOW COLUMNS FROM `qph_login` [ RunTime:0.000586s ]
ERR: 1146:Table 'distribution.qph_login' doesn't exist
 [ SQL语句 ] : SHOW COLUMNS FROM `qph_login`
SQL: SHOW COLUMNS FROM `qph_admin` [ RunTime:0.000479s ]
SQL: SELECT `uid`,`name`,`last_login_ip`,`group_id`,`state`,`pwd` FROM `qph_admin` WHERE ( `mobile` = '18911728732' ) AND ( `pwd` = '5854acf38caa01d136aa12e81164937e' ) LIMIT 1   [ RunTime:0.000265s ]
INFO: [ app_end ] --START--
INFO: Run Behavior\ShowPageTrace [ RunTime:0.000403s ]
INFO: [ app_end ] --END-- [ RunTime:0.000439s ]

[ 2017-08-02T10:18:43+08:00 ] 223.71.245.118 /admin.php/Login/PostLogin
INFO: [ app_begin ] --START--
INFO: Run Behavior\ReadHtmlCache [ RunTime:0.000307s ]
INFO: [ app_begin ] --END-- [ RunTime:0.000561s ]
NOTIC: [8192] mysql_connect(): The mysql extension is deprecated and will be removed in the future: use mysqli or PDO instead /www_test/fenxiao/ThinkPHP/Library/Think/Db/Driver/Mysql.class.php 第 52 行.
SQL: SHOW COLUMNS FROM `qph_login` [ RunTime:0.000462s ]
ERR: 1146:Table 'distribution.qph_login' doesn't exist
 [ SQL语句 ] : SHOW COLUMNS FROM `qph_login`
SQL: SHOW COLUMNS FROM `qph_admin` [ RunTime:0.000473s ]
SQL: SELECT `uid`,`name`,`last_login_ip`,`group_id`,`state`,`pwd` FROM `qph_admin` WHERE ( `mobile` = '18911728732' ) AND ( `pwd` = 'e10adc3949ba59abbe56e057f20f883e' ) LIMIT 1   [ RunTime:0.000262s ]
INFO: [ app_end ] --START--
INFO: Run Behavior\ShowPageTrace [ RunTime:0.000346s ]
INFO: [ app_end ] --END-- [ RunTime:0.000389s ]

[ 2017-08-02T10:50:55+08:00 ] 223.71.245.118 /admin.php/Login/PostLogin
INFO: [ app_begin ] --START--
INFO: Run Behavior\ReadHtmlCache [ RunTime:0.000495s ]
INFO: [ app_begin ] --END-- [ RunTime:0.000819s ]
NOTIC: [8192] mysql_connect(): The mysql extension is deprecated and will be removed in the future: use mysqli or PDO instead /www_test/fenxiao/ThinkPHP/Library/Think/Db/Driver/Mysql.class.php 第 52 行.
SQL: SHOW COLUMNS FROM `qph_login` [ RunTime:0.000435s ]
ERR: 1146:Table 'distribution.qph_login' doesn't exist
 [ SQL语句 ] : SHOW COLUMNS FROM `qph_login`
SQL: SHOW COLUMNS FROM `qph_admin` [ RunTime:0.000444s ]
SQL: SELECT `uid`,`name`,`last_login_ip`,`group_id`,`state`,`pwd` FROM `qph_admin` WHERE ( `mobile` = '18911728732' ) AND ( `pwd` = 'e10adc3949ba59abbe56e057f20f883e' ) LIMIT 1   [ RunTime:0.000236s ]
INFO: [ app_end ] --START--
INFO: Run Behavior\ShowPageTrace [ RunTime:0.000397s ]
INFO: [ app_end ] --END-- [ RunTime:0.000433s ]

[ 2017-08-02T10:53:53+08:00 ] 223.71.245.118 /admin.php/Login/PostLogin
INFO: [ app_begin ] --START--
INFO: Run Behavior\ReadHtmlCache [ RunTime:0.000300s ]
INFO: [ app_begin ] --END-- [ RunTime:0.000531s ]
NOTIC: [8192] mysql_connect(): The mysql extension is deprecated and will be removed in the future: use mysqli or PDO instead /www_test/fenxiao/ThinkPHP/Library/Think/Db/Driver/Mysql.class.php 第 52 行.
SQL: SHOW COLUMNS FROM `qph_login` [ RunTime:0.000507s ]
ERR: 1146:Table 'distribution.qph_login' doesn't exist
 [ SQL语句 ] : SHOW COLUMNS FROM `qph_login`
SQL: SHOW COLUMNS FROM `qph_admin` [ RunTime:0.000459s ]
SQL: SELECT `uid`,`name`,`last_login_ip`,`group_id`,`state`,`pwd` FROM `qph_admin` WHERE ( `mobile` = '18911728732' ) AND ( `pwd` = 'e10adc3949ba59abbe56e057f20f883e' ) LIMIT 1   [ RunTime:0.000241s ]
INFO: [ app_end ] --START--
INFO: Run Behavior\ShowPageTrace [ RunTime:0.000402s ]
INFO: [ app_end ] --END-- [ RunTime:0.000441s ]

[ 2017-08-02T11:32:55+08:00 ] 223.71.245.118 /admin.php/Login/PostLogin
INFO: [ app_begin ] --START--
INFO: Run Behavior\ReadHtmlCache [ RunTime:0.000319s ]
INFO: [ app_begin ] --END-- [ RunTime:0.000553s ]
NOTIC: [8192] mysql_connect(): The mysql extension is deprecated and will be removed in the future: use mysqli or PDO instead /www_test/fenxiao/ThinkPHP/Library/Think/Db/Driver/Mysql.class.php 第 52 行.
SQL: SHOW COLUMNS FROM `qph_login` [ RunTime:0.000493s ]
ERR: 1146:Table 'distribution.qph_login' doesn't exist
 [ SQL语句 ] : SHOW COLUMNS FROM `qph_login`
INFO: [ app_end ] --START--
INFO: Run Behavior\ShowPageTrace [ RunTime:0.000377s ]
INFO: [ app_end ] --END-- [ RunTime:0.000413s ]

[ 2017-08-02T11:42:40+08:00 ] 61.151.226.16 /admin.php/Login/PostLogin
INFO: [ app_begin ] --START--
INFO: Run Behavior\ReadHtmlCache [ RunTime:0.000303s ]
INFO: [ app_begin ] --END-- [ RunTime:0.000525s ]
NOTIC: [8192] mysql_connect(): The mysql extension is deprecated and will be removed in the future: use mysqli or PDO instead /www_test/fenxiao/ThinkPHP/Library/Think/Db/Driver/Mysql.class.php 第 52 行.
SQL: SHOW COLUMNS FROM `qph_login` [ RunTime:0.000457s ]
ERR: 1146:Table 'distribution.qph_login' doesn't exist
 [ SQL语句 ] : SHOW COLUMNS FROM `qph_login`
INFO: [ app_end ] --START--
INFO: Run Behavior\ShowPageTrace [ RunTime:0.000411s ]
INFO: [ app_end ] --END-- [ RunTime:0.000449s ]

[ 2017-08-02T13:49:47+08:00 ] 223.71.245.118 /admin.php/Login/PostLogin
INFO: [ app_begin ] --START--
INFO: Run Behavior\ReadHtmlCache [ RunTime:0.000329s ]
INFO: [ app_begin ] --END-- [ RunTime:0.000550s ]
NOTIC: [8192] mysql_connect(): The mysql extension is deprecated and will be removed in the future: use mysqli or PDO instead /www_test/fenxiao/ThinkPHP/Library/Think/Db/Driver/Mysql.class.php 第 52 行.
SQL: SHOW COLUMNS FROM `qph_login` [ RunTime:0.000455s ]
ERR: 1146:Table 'distribution.qph_login' doesn't exist
 [ SQL语句 ] : SHOW COLUMNS FROM `qph_login`
INFO: [ app_end ] --START--
INFO: Run Behavior\ShowPageTrace [ RunTime:0.000444s ]
INFO: [ app_end ] --END-- [ RunTime:0.000483s ]

[ 2017-08-02T13:49:57+08:00 ] 101.226.66.177 /admin.php/Login/PostLogin
INFO: [ app_begin ] --START--
INFO: Run Behavior\ReadHtmlCache [ RunTime:0.000301s ]
INFO: [ app_begin ] --END-- [ RunTime:0.000529s ]
NOTIC: [8192] mysql_connect(): The mysql extension is deprecated and will be removed in the future: use mysqli or PDO instead /www_test/fenxiao/ThinkPHP/Library/Think/Db/Driver/Mysql.class.php 第 52 行.
SQL: SHOW COLUMNS FROM `qph_login` [ RunTime:0.000554s ]
ERR: 1146:Table 'distribution.qph_login' doesn't exist
 [ SQL语句 ] : SHOW COLUMNS FROM `qph_login`
INFO: [ app_end ] --START--
INFO: Run Behavior\ShowPageTrace [ RunTime:0.000559s ]
INFO: [ app_end ] --END-- [ RunTime:0.000616s ]

[ 2017-08-02T13:50:58+08:00 ] 223.71.245.118 /admin.php/Login/PostLogin
INFO: [ app_begin ] --START--
INFO: Run Behavior\ReadHtmlCache [ RunTime:0.000337s ]
INFO: [ app_begin ] --END-- [ RunTime:0.000582s ]
NOTIC: [8192] mysql_connect(): The mysql extension is deprecated and will be removed in the future: use mysqli or PDO instead /www_test/fenxiao/ThinkPHP/Library/Think/Db/Driver/Mysql.class.php 第 52 行.
SQL: SHOW COLUMNS FROM `qph_login` [ RunTime:0.000494s ]
ERR: 1146:Table 'distribution.qph_login' doesn't exist
 [ SQL语句 ] : SHOW COLUMNS FROM `qph_login`
SQL: SHOW COLUMNS FROM `qph_admin` [ RunTime:0.000540s ]
SQL: SELECT `uid`,`name`,`last_login_ip`,`group_id`,`state`,`pwd` FROM `qph_admin` WHERE ( `mobile` = '18911728732' ) AND ( `pwd` = '5854acf38caa01d136aa12e81164937e' ) LIMIT 1   [ RunTime:0.000269s ]
INFO: [ app_end ] --START--
INFO: Run Behavior\ShowPageTrace [ RunTime:0.000425s ]
INFO: [ app_end ] --END-- [ RunTime:0.000462s ]

[ 2017-08-02T13:51:27+08:00 ] 223.71.245.118 /admin.php/Login/PostLogin
INFO: [ app_begin ] --START--
INFO: Run Behavior\ReadHtmlCache [ RunTime:0.000283s ]
INFO: [ app_begin ] --END-- [ RunTime:0.000529s ]
NOTIC: [8192] mysql_connect(): The mysql extension is deprecated and will be removed in the future: use mysqli or PDO instead /www_test/fenxiao/ThinkPHP/Library/Think/Db/Driver/Mysql.class.php 第 52 行.
SQL: SHOW COLUMNS FROM `qph_login` [ RunTime:0.000552s ]
ERR: 1146:Table 'distribution.qph_login' doesn't exist
 [ SQL语句 ] : SHOW COLUMNS FROM `qph_login`
SQL: SHOW COLUMNS FROM `qph_admin` [ RunTime:0.000627s ]
SQL: SELECT `uid`,`name`,`last_login_ip`,`group_id`,`state`,`pwd` FROM `qph_admin` WHERE ( `mobile` = '18911728732' ) AND ( `pwd` = '5854acf38caa01d136aa12e81164937e' ) LIMIT 1   [ RunTime:0.000292s ]
INFO: [ app_end ] --START--
INFO: Run Behavior\ShowPageTrace [ RunTime:0.000379s ]
INFO: [ app_end ] --END-- [ RunTime:0.000415s ]

[ 2017-08-02T13:54:12+08:00 ] 223.71.245.118 /admin.php/Login/PostLogin
INFO: [ app_begin ] --START--
INFO: Run Behavior\ReadHtmlCache [ RunTime:0.000306s ]
INFO: [ app_begin ] --END-- [ RunTime:0.000537s ]
NOTIC: [8192] mysql_connect(): The mysql extension is deprecated and will be removed in the future: use mysqli or PDO instead /www_test/fenxiao/ThinkPHP/Library/Think/Db/Driver/Mysql.class.php 第 52 行.
SQL: SHOW COLUMNS FROM `qph_login` [ RunTime:0.000468s ]
ERR: 1146:Table 'distribution.qph_login' doesn't exist
 [ SQL语句 ] : SHOW COLUMNS FROM `qph_login`
SQL: SHOW COLUMNS FROM `qph_admin` [ RunTime:0.000433s ]
SQL: SELECT `uid`,`name`,`last_login_ip`,`group_id`,`state`,`pwd` FROM `qph_admin` WHERE ( `mobile` = '18911728732' ) AND ( `pwd` = '5854acf38caa01d136aa12e81164937e' ) LIMIT 1   [ RunTime:0.000222s ]
INFO: [ app_end ] --START--
INFO: Run Behavior\ShowPageTrace [ RunTime:0.000420s ]
INFO: [ app_end ] --END-- [ RunTime:0.000467s ]

[ 2017-08-02T13:54:28+08:00 ] 223.71.245.118 /admin.php/Login/PostLogin
INFO: [ app_begin ] --START--
INFO: Run Behavior\ReadHtmlCache [ RunTime:0.000391s ]
INFO: [ app_begin ] --END-- [ RunTime:0.000626s ]
NOTIC: [8192] mysql_connect(): The mysql extension is deprecated and will be removed in the future: use mysqli or PDO instead /www_test/fenxiao/ThinkPHP/Library/Think/Db/Driver/Mysql.class.php 第 52 行.
SQL: SHOW COLUMNS FROM `qph_login` [ RunTime:0.000441s ]
ERR: 1146:Table 'distribution.qph_login' doesn't exist
 [ SQL语句 ] : SHOW COLUMNS FROM `qph_login`
SQL: SHOW COLUMNS FROM `qph_admin` [ RunTime:0.000523s ]
SQL: SELECT `uid`,`name`,`last_login_ip`,`group_id`,`state`,`pwd` FROM `qph_admin` WHERE ( `mobile` = '18911728732' ) AND ( `pwd` = '5854acf38caa01d136aa12e81164937e' ) LIMIT 1   [ RunTime:0.000227s ]
INFO: [ app_end ] --START--
INFO: Run Behavior\ShowPageTrace [ RunTime:0.000419s ]
INFO: [ app_end ] --END-- [ RunTime:0.000470s ]

[ 2017-08-02T13:59:38+08:00 ] 223.71.245.118 /admin.php/Login/PostLogin
INFO: [ app_begin ] --START--
INFO: Run Behavior\ReadHtmlCache [ RunTime:0.000480s ]
INFO: [ app_begin ] --END-- [ RunTime:0.000744s ]
NOTIC: [8192] mysql_connect(): The mysql extension is deprecated and will be removed in the future: use mysqli or PDO instead /www_test/fenxiao/ThinkPHP/Library/Think/Db/Driver/Mysql.class.php 第 52 行.
SQL: SHOW COLUMNS FROM `qph_login` [ RunTime:0.000498s ]
ERR: 1146:Table 'distribution.qph_login' doesn't exist
 [ SQL语句 ] : SHOW COLUMNS FROM `qph_login`
SQL: SHOW COLUMNS FROM `qph_admin` [ RunTime:0.000462s ]
SQL: SELECT `uid`,`name`,`last_login_ip`,`group_id`,`state`,`pwd` FROM `qph_admin` WHERE ( `mobile` = '18911728732' ) AND ( `pwd` = '5854acf38caa01d136aa12e81164937e' ) LIMIT 1   [ RunTime:0.000261s ]
INFO: [ app_end ] --START--
INFO: Run Behavior\ShowPageTrace [ RunTime:0.000363s ]
INFO: [ app_end ] --END-- [ RunTime:0.000399s ]

[ 2017-08-02T14:00:29+08:00 ] 223.71.245.118 /admin.php/Login/PostLogin
INFO: [ app_begin ] --START--
INFO: Run Behavior\ReadHtmlCache [ RunTime:0.000292s ]
INFO: [ app_begin ] --END-- [ RunTime:0.000518s ]
NOTIC: [8192] mysql_connect(): The mysql extension is deprecated and will be removed in the future: use mysqli or PDO instead /www_test/fenxiao/ThinkPHP/Library/Think/Db/Driver/Mysql.class.php 第 52 行.
SQL: SHOW COLUMNS FROM `qph_login` [ RunTime:0.000630s ]
ERR: 1146:Table 'distribution.qph_login' doesn't exist
 [ SQL语句 ] : SHOW COLUMNS FROM `qph_login`
SQL: SHOW COLUMNS FROM `qph_admin` [ RunTime:0.000571s ]
SQL: SELECT `uid`,`name`,`last_login_ip`,`group_id`,`state`,`pwd` FROM `qph_admin` WHERE ( `mobile` = '18911728732' ) AND ( `pwd` = '3563e5817e7ef3f8e11cc48d06b62af7' ) LIMIT 1   [ RunTime:0.000285s ]
INFO: [ app_end ] --START--
INFO: Run Behavior\ShowPageTrace [ RunTime:0.000492s ]
INFO: [ app_end ] --END-- [ RunTime:0.000532s ]

[ 2017-08-02T14:02:41+08:00 ] 223.71.245.118 /admin.php/Login/PostLogin
INFO: [ app_begin ] --START--
INFO: Run Behavior\ReadHtmlCache [ RunTime:0.000321s ]
INFO: [ app_begin ] --END-- [ RunTime:0.000555s ]
NOTIC: [8192] mysql_connect(): The mysql extension is deprecated and will be removed in the future: use mysqli or PDO instead /www_test/fenxiao/ThinkPHP/Library/Think/Db/Driver/Mysql.class.php 第 52 行.
SQL: SHOW COLUMNS FROM `qph_login` [ RunTime:0.000449s ]
ERR: 1146:Table 'distribution.qph_login' doesn't exist
 [ SQL语句 ] : SHOW COLUMNS FROM `qph_login`
SQL: SHOW COLUMNS FROM `qph_admin` [ RunTime:0.000454s ]
SQL: SELECT `uid`,`name`,`last_login_ip`,`group_id`,`state`,`pwd` FROM `qph_admin` WHERE ( `mobile` = '18911728732' ) AND ( `pwd` = '3563e5817e7ef3f8e11cc48d06b62af7' ) LIMIT 1   [ RunTime:0.000249s ]
INFO: [ app_end ] --START--
INFO: Run Behavior\ShowPageTrace [ RunTime:0.000375s ]
INFO: [ app_end ] --END-- [ RunTime:0.000412s ]

[ 2017-08-02T14:03:31+08:00 ] 223.71.245.118 /admin.php/Login/PostLogin
INFO: [ app_begin ] --START--
INFO: Run Behavior\ReadHtmlCache [ RunTime:0.000282s ]
INFO: [ app_begin ] --END-- [ RunTime:0.000517s ]
NOTIC: [8192] mysql_connect(): The mysql extension is deprecated and will be removed in the future: use mysqli or PDO instead /www_test/fenxiao/ThinkPHP/Library/Think/Db/Driver/Mysql.class.php 第 52 行.
SQL: SHOW COLUMNS FROM `qph_login` [ RunTime:0.000466s ]
ERR: 1146:Table 'distribution.qph_login' doesn't exist
 [ SQL语句 ] : SHOW COLUMNS FROM `qph_login`
SQL: SHOW COLUMNS FROM `qph_admin` [ RunTime:0.000461s ]
SQL: SELECT `uid`,`name`,`last_login_ip`,`group_id`,`state`,`pwd` FROM `qph_admin` WHERE ( `mobile` = '18911728732' ) AND ( `pwd` = '56e7b5c1170b7d777f41dd23a611d7e0' ) LIMIT 1   [ RunTime:0.000253s ]
INFO: [ app_end ] --START--
INFO: Run Behavior\ShowPageTrace [ RunTime:0.000355s ]
INFO: [ app_end ] --END-- [ RunTime:0.000392s ]

[ 2017-08-02T14:16:39+08:00 ] 223.71.245.118 /admin.php/Login/PostLogin
INFO: [ app_begin ] --START--
INFO: Run Behavior\ReadHtmlCache [ RunTime:0.000439s ]
INFO: [ app_begin ] --END-- [ RunTime:0.000789s ]
NOTIC: [8192] mysql_connect(): The mysql extension is deprecated and will be removed in the future: use mysqli or PDO instead /www_test/fenxiao/ThinkPHP/Library/Think/Db/Driver/Mysql.class.php 第 52 行.
SQL: SHOW COLUMNS FROM `qph_login` [ RunTime:0.000624s ]
ERR: 1146:Table 'distribution.qph_login' doesn't exist
 [ SQL语句 ] : SHOW COLUMNS FROM `qph_login`
SQL: SHOW COLUMNS FROM `qph_admin` [ RunTime:0.000666s ]
SQL: SELECT `uid`,`name`,`last_login_ip`,`group_id`,`state`,`pwd` FROM `qph_admin` WHERE ( `mobile` = '18911728732' ) AND ( `pwd` = '8d1868848737379d9cfe2ebd29837eb6' ) LIMIT 1   [ RunTime:0.000297s ]
INFO: [ app_end ] --START--
INFO: Run Behavior\ShowPageTrace [ RunTime:0.000413s ]
INFO: [ app_end ] --END-- [ RunTime:0.000460s ]

[ 2017-08-02T14:19:27+08:00 ] 223.71.245.118 /admin.php/Login/PostLogin
INFO: [ app_begin ] --START--
INFO: Run Behavior\ReadHtmlCache [ RunTime:0.000321s ]
INFO: [ app_begin ] --END-- [ RunTime:0.000554s ]
NOTIC: [8192] mysql_connect(): The mysql extension is deprecated and will be removed in the future: use mysqli or PDO instead /www_test/fenxiao/ThinkPHP/Library/Think/Db/Driver/Mysql.class.php 第 52 行.
SQL: SHOW COLUMNS FROM `qph_login` [ RunTime:0.000478s ]
ERR: 1146:Table 'distribution.qph_login' doesn't exist
 [ SQL语句 ] : SHOW COLUMNS FROM `qph_login`
SQL: SHOW COLUMNS FROM `qph_admin` [ RunTime:0.000495s ]
SQL: SELECT `uid`,`name`,`last_login_ip`,`group_id`,`state`,`pwd` FROM `qph_admin` WHERE ( `mobile` = '18911728732' ) AND ( `pwd` = '665e78138b7db80b99ec683a1de63b12' ) LIMIT 1   [ RunTime:0.000246s ]
INFO: [ app_end ] --START--
INFO: Run Behavior\ShowPageTrace [ RunTime:0.000399s ]
INFO: [ app_end ] --END-- [ RunTime:0.000438s ]

[ 2017-08-02T14:19:53+08:00 ] 223.71.245.118 /admin.php/Login/PostLogin
INFO: [ app_begin ] --START--
INFO: Run Behavior\ReadHtmlCache [ RunTime:0.000317s ]
INFO: [ app_begin ] --END-- [ RunTime:0.000575s ]
NOTIC: [8192] mysql_connect(): The mysql extension is deprecated and will be removed in the future: use mysqli or PDO instead /www_test/fenxiao/ThinkPHP/Library/Think/Db/Driver/Mysql.class.php 第 52 行.
SQL: SHOW COLUMNS FROM `qph_login` [ RunTime:0.000515s ]
ERR: 1146:Table 'distribution.qph_login' doesn't exist
 [ SQL语句 ] : SHOW COLUMNS FROM `qph_login`
SQL: SHOW COLUMNS FROM `qph_admin` [ RunTime:0.000515s ]
SQL: SELECT `uid`,`name`,`last_login_ip`,`group_id`,`state`,`pwd` FROM `qph_admin` WHERE ( `mobile` = '18911728732' ) AND ( `pwd` = '5854acf38caa01d136aa12e81164937e' ) LIMIT 1   [ RunTime:0.000252s ]
INFO: [ app_end ] --START--
INFO: Run Behavior\ShowPageTrace [ RunTime:0.000366s ]
INFO: [ app_end ] --END-- [ RunTime:0.000403s ]

[ 2017-08-02T14:21:34+08:00 ] 223.71.245.118 /admin.php/Login/PostLogin
INFO: [ app_begin ] --START--
INFO: Run Behavior\ReadHtmlCache [ RunTime:0.000285s ]
INFO: [ app_begin ] --END-- [ RunTime:0.000529s ]
NOTIC: [8192] mysql_connect(): The mysql extension is deprecated and will be removed in the future: use mysqli or PDO instead /www_test/fenxiao/ThinkPHP/Library/Think/Db/Driver/Mysql.class.php 第 52 行.
SQL: SHOW COLUMNS FROM `qph_login` [ RunTime:0.000468s ]
ERR: 1146:Table 'distribution.qph_login' doesn't exist
 [ SQL语句 ] : SHOW COLUMNS FROM `qph_login`
SQL: SHOW COLUMNS FROM `qph_admin` [ RunTime:0.000496s ]
SQL: SELECT `uid`,`name`,`last_login_ip`,`group_id`,`state`,`pwd` FROM `qph_admin` WHERE ( `mobile` = '18911728721' ) AND ( `pwd` = 'f3f7bd6ac73f0e885e5f88e717dbe301' ) LIMIT 1   [ RunTime:0.000247s ]
INFO: [ app_end ] --START--
INFO: Run Behavior\ShowPageTrace [ RunTime:0.000341s ]
INFO: [ app_end ] --END-- [ RunTime:0.000378s ]

[ 2017-08-02T14:21:57+08:00 ] 223.71.245.118 /admin.php/Login/PostLogin
INFO: [ app_begin ] --START--
INFO: Run Behavior\ReadHtmlCache [ RunTime:0.000297s ]
INFO: [ app_begin ] --END-- [ RunTime:0.000526s ]
NOTIC: [8192] mysql_connect(): The mysql extension is deprecated and will be removed in the future: use mysqli or PDO instead /www_test/fenxiao/ThinkPHP/Library/Think/Db/Driver/Mysql.class.php 第 52 行.
SQL: SHOW COLUMNS FROM `qph_login` [ RunTime:0.000439s ]
ERR: 1146:Table 'distribution.qph_login' doesn't exist
 [ SQL语句 ] : SHOW COLUMNS FROM `qph_login`
SQL: SHOW COLUMNS FROM `qph_admin` [ RunTime:0.000449s ]
SQL: SELECT `uid`,`name`,`last_login_ip`,`group_id`,`state`,`pwd` FROM `qph_admin` WHERE ( `mobile` = '18945125478' ) AND ( `pwd` = 'cf50244958a005922ef7a9b29be21222' ) LIMIT 1   [ RunTime:0.000223s ]
INFO: [ app_end ] --START--
INFO: Run Behavior\ShowPageTrace [ RunTime:0.000361s ]
INFO: [ app_end ] --END-- [ RunTime:0.000495s ]

[ 2017-08-02T14:25:37+08:00 ] 223.71.245.118 /admin.php/Login/PostLogin
INFO: [ app_begin ] --START--
INFO: Run Behavior\ReadHtmlCache [ RunTime:0.000443s ]
INFO: [ app_begin ] --END-- [ RunTime:0.000777s ]
NOTIC: [8192] mysql_connect(): The mysql extension is deprecated and will be removed in the future: use mysqli or PDO instead /www_test/fenxiao/ThinkPHP/Library/Think/Db/Driver/Mysql.class.php 第 52 行.
SQL: SHOW COLUMNS FROM `qph_login` [ RunTime:0.000479s ]
ERR: 1146:Table 'distribution.qph_login' doesn't exist
 [ SQL语句 ] : SHOW COLUMNS FROM `qph_login`
SQL: SHOW COLUMNS FROM `qph_admin` [ RunTime:0.000443s ]
SQL: SELECT `uid`,`name`,`last_login_ip`,`group_id`,`state`,`pwd` FROM `qph_admin` WHERE ( `mobile` = '18945125478' ) AND ( `pwd` = '5854acf38caa01d136aa12e81164937e' ) LIMIT 1   [ RunTime:0.000240s ]
INFO: [ app_end ] --START--
INFO: Run Behavior\ShowPageTrace [ RunTime:0.000464s ]
INFO: [ app_end ] --END-- [ RunTime:0.000508s ]

[ 2017-08-02T14:26:12+08:00 ] 223.71.245.118 /admin.php/Login/PostLogin
INFO: [ app_begin ] --START--
INFO: Run Behavior\ReadHtmlCache [ RunTime:0.000339s ]
INFO: [ app_begin ] --END-- [ RunTime:0.000593s ]
NOTIC: [8192] mysql_connect(): The mysql extension is deprecated and will be removed in the future: use mysqli or PDO instead /www_test/fenxiao/ThinkPHP/Library/Think/Db/Driver/Mysql.class.php 第 52 行.
SQL: SHOW COLUMNS FROM `qph_login` [ RunTime:0.000462s ]
ERR: 1146:Table 'distribution.qph_login' doesn't exist
 [ SQL语句 ] : SHOW COLUMNS FROM `qph_login`
SQL: SHOW COLUMNS FROM `qph_admin` [ RunTime:0.000417s ]
SQL: SELECT `uid`,`name`,`last_login_ip`,`group_id`,`state`,`pwd` FROM `qph_admin` WHERE ( `mobile` = '18945125478' ) AND ( `pwd` = '3563e5817e7ef3f8e11cc48d06b62af7' ) LIMIT 1   [ RunTime:0.000221s ]
INFO: [ app_end ] --START--
INFO: Run Behavior\ShowPageTrace [ RunTime:0.000362s ]
INFO: [ app_end ] --END-- [ RunTime:0.000399s ]

[ 2017-08-02T14:27:31+08:00 ] 223.71.245.118 /admin.php/Login/PostLogin
INFO: [ app_begin ] --START--
INFO: Run Behavior\ReadHtmlCache [ RunTime:0.000334s ]
INFO: [ app_begin ] --END-- [ RunTime:0.000570s ]
NOTIC: [8192] mysql_connect(): The mysql extension is deprecated and will be removed in the future: use mysqli or PDO instead /www_test/fenxiao/ThinkPHP/Library/Think/Db/Driver/Mysql.class.php 第 52 行.
SQL: SHOW COLUMNS FROM `qph_login` [ RunTime:0.000520s ]
ERR: 1146:Table 'distribution.qph_login' doesn't exist
 [ SQL语句 ] : SHOW COLUMNS FROM `qph_login`
SQL: SHOW COLUMNS FROM `qph_admin` [ RunTime:0.000499s ]
SQL: SELECT `uid`,`name`,`last_login_ip`,`group_id`,`state`,`pwd` FROM `qph_admin` WHERE ( `mobile` = '18945125478' ) AND ( `pwd` = '92f4b79621437c9d35a146e8bd1ad600' ) LIMIT 1   [ RunTime:0.000264s ]
INFO: [ app_end ] --START--
INFO: Run Behavior\ShowPageTrace [ RunTime:0.000374s ]
INFO: [ app_end ] --END-- [ RunTime:0.000418s ]

[ 2017-08-02T14:29:01+08:00 ] 223.71.245.118 /admin.php/Login/PostLogin
INFO: [ app_begin ] --START--
INFO: Run Behavior\ReadHtmlCache [ RunTime:0.000298s ]
INFO: [ app_begin ] --END-- [ RunTime:0.000521s ]
NOTIC: [8192] mysql_connect(): The mysql extension is deprecated and will be removed in the future: use mysqli or PDO instead /www_test/fenxiao/ThinkPHP/Library/Think/Db/Driver/Mysql.class.php 第 52 行.
SQL: SHOW COLUMNS FROM `qph_login` [ RunTime:0.000479s ]
ERR: 1146:Table 'distribution.qph_login' doesn't exist
 [ SQL语句 ] : SHOW COLUMNS FROM `qph_login`
SQL: SHOW COLUMNS FROM `qph_admin` [ RunTime:0.000455s ]
SQL: SELECT `uid`,`name`,`last_login_ip`,`group_id`,`state`,`pwd` FROM `qph_admin` WHERE ( `mobile` = '18945125478' ) AND ( `pwd` = '3174470a43169107134e2743e05ba8bc' ) LIMIT 1   [ RunTime:0.000248s ]
INFO: [ app_end ] --START--
INFO: Run Behavior\ShowPageTrace [ RunTime:0.000567s ]
INFO: [ app_end ] --END-- [ RunTime:0.000628s ]

[ 2017-08-02T14:29:24+08:00 ] 223.71.245.118 /admin.php/Login/PostLogin
INFO: [ app_begin ] --START--
INFO: Run Behavior\ReadHtmlCache [ RunTime:0.000431s ]
INFO: [ app_begin ] --END-- [ RunTime:0.000771s ]
NOTIC: [8192] mysql_connect(): The mysql extension is deprecated and will be removed in the future: use mysqli or PDO instead /www_test/fenxiao/ThinkPHP/Library/Think/Db/Driver/Mysql.class.php 第 52 行.
SQL: SHOW COLUMNS FROM `qph_login` [ RunTime:0.000473s ]
ERR: 1146:Table 'distribution.qph_login' doesn't exist
 [ SQL语句 ] : SHOW COLUMNS FROM `qph_login`
SQL: SHOW COLUMNS FROM `qph_admin` [ RunTime:0.000473s ]
SQL: SELECT `uid`,`name`,`last_login_ip`,`group_id`,`state`,`pwd` FROM `qph_admin` WHERE ( `mobile` = '18945125478' ) AND ( `pwd` = '5854acf38caa01d136aa12e81164937e' ) LIMIT 1   [ RunTime:0.000264s ]
INFO: [ app_end ] --START--
INFO: Run Behavior\ShowPageTrace [ RunTime:0.000351s ]
INFO: [ app_end ] --END-- [ RunTime:0.000390s ]

[ 2017-08-02T14:29:33+08:00 ] 223.71.245.118 /admin.php/Login/PostLogin
INFO: [ app_begin ] --START--
INFO: Run Behavior\ReadHtmlCache [ RunTime:0.000432s ]
INFO: [ app_begin ] --END-- [ RunTime:0.000901s ]
NOTIC: [8192] mysql_connect(): The mysql extension is deprecated and will be removed in the future: use mysqli or PDO instead /www_test/fenxiao/ThinkPHP/Library/Think/Db/Driver/Mysql.class.php 第 52 行.
SQL: SHOW COLUMNS FROM `qph_login` [ RunTime:0.000524s ]
ERR: 1146:Table 'distribution.qph_login' doesn't exist
 [ SQL语句 ] : SHOW COLUMNS FROM `qph_login`
SQL: SHOW COLUMNS FROM `qph_admin` [ RunTime:0.000467s ]
SQL: SELECT `uid`,`name`,`last_login_ip`,`group_id`,`state`,`pwd` FROM `qph_admin` WHERE ( `mobile` = '18945125478' ) AND ( `pwd` = '289ed4a0f5c9884f8b07fa9ec43cee47' ) LIMIT 1   [ RunTime:0.000249s ]
INFO: [ app_end ] --START--
INFO: Run Behavior\ShowPageTrace [ RunTime:0.000518s ]
INFO: [ app_end ] --END-- [ RunTime:0.000572s ]

[ 2017-08-02T14:35:39+08:00 ] 223.71.245.118 /admin.php/Login/PostLogin
INFO: [ app_begin ] --START--
INFO: Run Behavior\ReadHtmlCache [ RunTime:0.000359s ]
INFO: [ app_begin ] --END-- [ RunTime:0.000587s ]
NOTIC: [8192] mysql_connect(): The mysql extension is deprecated and will be removed in the future: use mysqli or PDO instead /www_test/fenxiao/ThinkPHP/Library/Think/Db/Driver/Mysql.class.php 第 52 行.
SQL: SHOW COLUMNS FROM `qph_login` [ RunTime:0.000470s ]
ERR: 1146:Table 'distribution.qph_login' doesn't exist
 [ SQL语句 ] : SHOW COLUMNS FROM `qph_login`
SQL: SHOW COLUMNS FROM `qph_admin` [ RunTime:0.000421s ]
SQL: SELECT `uid`,`name`,`last_login_ip`,`group_id`,`state`,`pwd` FROM `qph_admin` WHERE ( `mobile` = '18911728723' ) AND ( `pwd` = '3563e5817e7ef3f8e11cc48d06b62af7' ) LIMIT 1   [ RunTime:0.000221s ]
INFO: [ app_end ] --START--
INFO: Run Behavior\ShowPageTrace [ RunTime:0.000396s ]
INFO: [ app_end ] --END-- [ RunTime:0.000444s ]

[ 2017-08-02T14:38:03+08:00 ] 223.71.245.118 /admin.php/Login/PostLogin
INFO: [ app_begin ] --START--
INFO: Run Behavior\ReadHtmlCache [ RunTime:0.000313s ]
INFO: [ app_begin ] --END-- [ RunTime:0.000580s ]
NOTIC: [8192] mysql_connect(): The mysql extension is deprecated and will be removed in the future: use mysqli or PDO instead /www_test/fenxiao/ThinkPHP/Library/Think/Db/Driver/Mysql.class.php 第 52 行.
SQL: SHOW COLUMNS FROM `qph_login` [ RunTime:0.000470s ]
ERR: 1146:Table 'distribution.qph_login' doesn't exist
 [ SQL语句 ] : SHOW COLUMNS FROM `qph_login`
SQL: SHOW COLUMNS FROM `qph_admin` [ RunTime:0.000498s ]
SQL: SELECT `uid`,`name`,`last_login_ip`,`group_id`,`state`,`pwd` FROM `qph_admin` WHERE ( `mobile` = '18911728732' ) AND ( `pwd` = '5854acf38caa01d136aa12e81164937e' ) LIMIT 1   [ RunTime:0.000262s ]
INFO: [ app_end ] --START--
INFO: Run Behavior\ShowPageTrace [ RunTime:0.000555s ]
INFO: [ app_end ] --END-- [ RunTime:0.000612s ]

[ 2017-08-02T14:43:57+08:00 ] 223.71.245.118 /admin.php/Login/PostLogin
INFO: [ app_begin ] --START--
INFO: Run Behavior\ReadHtmlCache [ RunTime:0.000441s ]
INFO: [ app_begin ] --END-- [ RunTime:0.000789s ]
NOTIC: [8192] mysql_connect(): The mysql extension is deprecated and will be removed in the future: use mysqli or PDO instead /www_test/fenxiao/ThinkPHP/Library/Think/Db/Driver/Mysql.class.php 第 52 行.
SQL: SHOW COLUMNS FROM `qph_login` [ RunTime:0.000509s ]
ERR: 1146:Table 'distribution.qph_login' doesn't exist
 [ SQL语句 ] : SHOW COLUMNS FROM `qph_login`
SQL: SHOW COLUMNS FROM `qph_admin` [ RunTime:0.000511s ]
SQL: SELECT `uid`,`name`,`last_login_ip`,`group_id`,`state`,`pwd` FROM `qph_admin` WHERE ( `mobile` = '18911728732' ) AND ( `pwd` = '7d07d2163f1ff27fae80642165011009' ) LIMIT 1   [ RunTime:0.000304s ]
INFO: [ app_end ] --START--
INFO: Run Behavior\ShowPageTrace [ RunTime:0.000397s ]
INFO: [ app_end ] --END-- [ RunTime:0.000435s ]

[ 2017-08-02T14:52:10+08:00 ] 223.71.245.118 /admin.php/Login/PostLogin
INFO: [ app_begin ] --START--
INFO: Run Behavior\ReadHtmlCache [ RunTime:0.000294s ]
INFO: [ app_begin ] --END-- [ RunTime:0.000558s ]
NOTIC: [8192] mysql_connect(): The mysql extension is deprecated and will be removed in the future: use mysqli or PDO instead /www_test/fenxiao/ThinkPHP/Library/Think/Db/Driver/Mysql.class.php 第 52 行.
SQL: SHOW COLUMNS FROM `qph_login` [ RunTime:0.000461s ]
ERR: 1146:Table 'distribution.qph_login' doesn't exist
 [ SQL语句 ] : SHOW COLUMNS FROM `qph_login`
SQL: SHOW COLUMNS FROM `qph_admin` [ RunTime:0.000516s ]
SQL: SELECT `uid`,`name`,`last_login_ip`,`group_id`,`state`,`pwd` FROM `qph_admin` WHERE ( `mobile` = '18911728732' ) AND ( `pwd` = '441b9e9ac76f0a2a23b4e8438c76522e' ) LIMIT 1   [ RunTime:0.000223s ]
INFO: [ app_end ] --START--
INFO: Run Behavior\ShowPageTrace [ RunTime:0.000382s ]
INFO: [ app_end ] --END-- [ RunTime:0.000418s ]

[ 2017-08-02T14:53:46+08:00 ] 223.71.245.118 /admin.php/Login/PostLogin
INFO: [ app_begin ] --START--
INFO: Run Behavior\ReadHtmlCache [ RunTime:0.000310s ]
INFO: [ app_begin ] --END-- [ RunTime:0.000583s ]
NOTIC: [8192] mysql_connect(): The mysql extension is deprecated and will be removed in the future: use mysqli or PDO instead /www_test/fenxiao/ThinkPHP/Library/Think/Db/Driver/Mysql.class.php 第 52 行.
SQL: SHOW COLUMNS FROM `qph_login` [ RunTime:0.000471s ]
ERR: 1146:Table 'distribution.qph_login' doesn't exist
 [ SQL语句 ] : SHOW COLUMNS FROM `qph_login`
SQL: SHOW COLUMNS FROM `qph_admin` [ RunTime:0.000441s ]
SQL: SELECT `uid`,`name`,`last_login_ip`,`group_id`,`state`,`pwd` FROM `qph_admin` WHERE ( `mobile` = '18911274845' ) AND ( `pwd` = '5854acf38caa01d136aa12e81164937e' ) LIMIT 1   [ RunTime:0.000256s ]
INFO: [ app_end ] --START--
INFO: Run Behavior\ShowPageTrace [ RunTime:0.000364s ]
INFO: [ app_end ] --END-- [ RunTime:0.000400s ]

[ 2017-08-02T14:58:17+08:00 ] 223.71.245.118 /admin.php/Login/PostLogin
INFO: [ app_begin ] --START--
INFO: Run Behavior\ReadHtmlCache [ RunTime:0.000289s ]
INFO: [ app_begin ] --END-- [ RunTime:0.000522s ]
NOTIC: [8192] mysql_connect(): The mysql extension is deprecated and will be removed in the future: use mysqli or PDO instead /www_test/fenxiao/ThinkPHP/Library/Think/Db/Driver/Mysql.class.php 第 52 行.
SQL: SHOW COLUMNS FROM `qph_login` [ RunTime:0.000497s ]
ERR: 1146:Table 'distribution.qph_login' doesn't exist
 [ SQL语句 ] : SHOW COLUMNS FROM `qph_login`
SQL: SHOW COLUMNS FROM `qph_admin` [ RunTime:0.000491s ]
SQL: SELECT `uid`,`name`,`last_login_ip`,`group_id`,`state`,`pwd` FROM `qph_admin` WHERE ( `mobile` = '18911728465' ) AND ( `pwd` = '84405a27ee63dcbab23bdc2b98e2ab67' ) LIMIT 1   [ RunTime:0.000277s ]
INFO: [ app_end ] --START--
INFO: Run Behavior\ShowPageTrace [ RunTime:0.000357s ]
INFO: [ app_end ] --END-- [ RunTime:0.000394s ]

[ 2017-08-02T15:00:26+08:00 ] 223.71.245.118 /admin.php/Login/PostLogin
INFO: [ app_begin ] --START--
INFO: Run Behavior\ReadHtmlCache [ RunTime:0.000282s ]
INFO: [ app_begin ] --END-- [ RunTime:0.000510s ]
NOTIC: [8192] mysql_connect(): The mysql extension is deprecated and will be removed in the future: use mysqli or PDO instead /www_test/fenxiao/ThinkPHP/Library/Think/Db/Driver/Mysql.class.php 第 52 行.
SQL: SHOW COLUMNS FROM `qph_login` [ RunTime:0.000534s ]
ERR: 1146:Table 'distribution.qph_login' doesn't exist
 [ SQL语句 ] : SHOW COLUMNS FROM `qph_login`
SQL: SHOW COLUMNS FROM `qph_admin` [ RunTime:0.000458s ]
SQL: SELECT `uid`,`name`,`last_login_ip`,`group_id`,`state`,`pwd` FROM `qph_admin` WHERE ( `mobile` = '18911728732' ) AND ( `pwd` = '64b3dd9820ad0f27f16fe5cef9da90be' ) LIMIT 1   [ RunTime:0.000248s ]
INFO: [ app_end ] --START--
INFO: Run Behavior\ShowPageTrace [ RunTime:0.000586s ]
INFO: [ app_end ] --END-- [ RunTime:0.000647s ]

[ 2017-08-02T15:00:39+08:00 ] 223.71.245.118 /admin.php/Login/PostLogin
INFO: [ app_begin ] --START--
INFO: Run Behavior\ReadHtmlCache [ RunTime:0.000295s ]
INFO: [ app_begin ] --END-- [ RunTime:0.000524s ]
NOTIC: [8192] mysql_connect(): The mysql extension is deprecated and will be removed in the future: use mysqli or PDO instead /www_test/fenxiao/ThinkPHP/Library/Think/Db/Driver/Mysql.class.php 第 52 行.
SQL: SHOW COLUMNS FROM `qph_login` [ RunTime:0.000437s ]
ERR: 1146:Table 'distribution.qph_login' doesn't exist
 [ SQL语句 ] : SHOW COLUMNS FROM `qph_login`
SQL: SHOW COLUMNS FROM `qph_admin` [ RunTime:0.000428s ]
SQL: SELECT `uid`,`name`,`last_login_ip`,`group_id`,`state`,`pwd` FROM `qph_admin` WHERE ( `mobile` = '18911728732' ) AND ( `pwd` = '49a22372587d00cb522913e9905f785a' ) LIMIT 1   [ RunTime:0.000225s ]
INFO: [ app_end ] --START--
INFO: Run Behavior\ShowPageTrace [ RunTime:0.000361s ]
INFO: [ app_end ] --END-- [ RunTime:0.000399s ]

[ 2017-08-02T15:01:13+08:00 ] 223.71.245.118 /admin.php/Login/PostLogin
INFO: [ app_begin ] --START--
INFO: Run Behavior\ReadHtmlCache [ RunTime:0.000286s ]
INFO: [ app_begin ] --END-- [ RunTime:0.000515s ]
NOTIC: [8192] mysql_connect(): The mysql extension is deprecated and will be removed in the future: use mysqli or PDO instead /www_test/fenxiao/ThinkPHP/Library/Think/Db/Driver/Mysql.class.php 第 52 行.
SQL: SHOW COLUMNS FROM `qph_login` [ RunTime:0.000569s ]
ERR: 1146:Table 'distribution.qph_login' doesn't exist
 [ SQL语句 ] : SHOW COLUMNS FROM `qph_login`
SQL: SHOW COLUMNS FROM `qph_admin` [ RunTime:0.000488s ]
SQL: SELECT `uid`,`name`,`last_login_ip`,`group_id`,`state`,`pwd` FROM `qph_admin` WHERE ( `mobile` = '18911728732' ) AND ( `pwd` = '5854acf38caa01d136aa12e81164937e' ) LIMIT 1   [ RunTime:0.000250s ]
INFO: [ app_end ] --START--
INFO: Run Behavior\ShowPageTrace [ RunTime:0.000379s ]
INFO: [ app_end ] --END-- [ RunTime:0.000426s ]

[ 2017-08-02T15:03:29+08:00 ] 223.71.245.118 /admin.php/Login/PostLogin
INFO: [ app_begin ] --START--
INFO: Run Behavior\ReadHtmlCache [ RunTime:0.000312s ]
INFO: [ app_begin ] --END-- [ RunTime:0.000568s ]
NOTIC: [8192] mysql_connect(): The mysql extension is deprecated and will be removed in the future: use mysqli or PDO instead /www_test/fenxiao/ThinkPHP/Library/Think/Db/Driver/Mysql.class.php 第 52 行.
SQL: SHOW COLUMNS FROM `qph_login` [ RunTime:0.000459s ]
ERR: 1146:Table 'distribution.qph_login' doesn't exist
 [ SQL语句 ] : SHOW COLUMNS FROM `qph_login`
SQL: SHOW COLUMNS FROM `qph_admin` [ RunTime:0.000476s ]
SQL: SELECT `uid`,`name`,`last_login_ip`,`group_id`,`state`,`pwd` FROM `qph_admin` WHERE ( `mobile` = '18911728732' ) AND ( `pwd` = 'ce48951c5cc7567c7dfc41df2a6d8e8e' ) LIMIT 1   [ RunTime:0.000244s ]
INFO: [ app_end ] --START--
INFO: Run Behavior\ShowPageTrace [ RunTime:0.000409s ]
INFO: [ app_end ] --END-- [ RunTime:0.000446s ]

[ 2017-08-02T15:09:43+08:00 ] 223.71.245.118 /admin.php/Login/PostLogin
INFO: [ app_begin ] --START--
INFO: Run Behavior\ReadHtmlCache [ RunTime:0.000302s ]
INFO: [ app_begin ] --END-- [ RunTime:0.000560s ]
NOTIC: [8192] mysql_connect(): The mysql extension is deprecated and will be removed in the future: use mysqli or PDO instead /www_test/fenxiao/ThinkPHP/Library/Think/Db/Driver/Mysql.class.php 第 52 行.
SQL: SHOW COLUMNS FROM `qph_login` [ RunTime:0.000472s ]
ERR: 1146:Table 'distribution.qph_login' doesn't exist
 [ SQL语句 ] : SHOW COLUMNS FROM `qph_login`
SQL: SHOW COLUMNS FROM `qph_admin` [ RunTime:0.000506s ]
SQL: SELECT `uid`,`name`,`last_login_ip`,`group_id`,`state`,`pwd` FROM `qph_admin` WHERE ( `mobile` = '18911728732' ) AND ( `pwd` = '5854acf38caa01d136aa12e81164937e' ) LIMIT 1   [ RunTime:0.000229s ]
INFO: [ app_end ] --START--
INFO: Run Behavior\ShowPageTrace [ RunTime:0.000438s ]
INFO: [ app_end ] --END-- [ RunTime:0.000484s ]

[ 2017-08-02T15:10:25+08:00 ] 223.71.245.118 /admin.php/Login/PostLogin
INFO: [ app_begin ] --START--
INFO: Run Behavior\ReadHtmlCache [ RunTime:0.000314s ]
INFO: [ app_begin ] --END-- [ RunTime:0.000551s ]
NOTIC: [8192] mysql_connect(): The mysql extension is deprecated and will be removed in the future: use mysqli or PDO instead /www_test/fenxiao/ThinkPHP/Library/Think/Db/Driver/Mysql.class.php 第 52 行.
SQL: SHOW COLUMNS FROM `qph_login` [ RunTime:0.000537s ]
ERR: 1146:Table 'distribution.qph_login' doesn't exist
 [ SQL语句 ] : SHOW COLUMNS FROM `qph_login`
SQL: SHOW COLUMNS FROM `qph_admin` [ RunTime:0.000519s ]
SQL: SELECT `uid`,`name`,`last_login_ip`,`group_id`,`state`,`pwd` FROM `qph_admin` WHERE ( `mobile` = '18911728723' ) AND ( `pwd` = '34943a925b329206bb4da29ec0b3e7e6' ) LIMIT 1   [ RunTime:0.000235s ]
INFO: [ app_end ] --START--
INFO: Run Behavior\ShowPageTrace [ RunTime:0.000459s ]
INFO: [ app_end ] --END-- [ RunTime:0.000498s ]

[ 2017-08-02T15:10:49+08:00 ] 223.71.245.118 /admin.php/Login/PostLogin
INFO: [ app_begin ] --START--
INFO: Run Behavior\ReadHtmlCache [ RunTime:0.000283s ]
INFO: [ app_begin ] --END-- [ RunTime:0.000511s ]
NOTIC: [8192] mysql_connect(): The mysql extension is deprecated and will be removed in the future: use mysqli or PDO instead /www_test/fenxiao/ThinkPHP/Library/Think/Db/Driver/Mysql.class.php 第 52 行.
SQL: SHOW COLUMNS FROM `qph_login` [ RunTime:0.000448s ]
ERR: 1146:Table 'distribution.qph_login' doesn't exist
 [ SQL语句 ] : SHOW COLUMNS FROM `qph_login`
SQL: SHOW COLUMNS FROM `qph_admin` [ RunTime:0.000443s ]
SQL: SELECT `uid`,`name`,`last_login_ip`,`group_id`,`state`,`pwd` FROM `qph_admin` WHERE ( `mobile` = '18911728732' ) AND ( `pwd` = '825d8d856832b0a7fd7c2b5db5dc63a1' ) LIMIT 1   [ RunTime:0.000298s ]
INFO: [ app_end ] --START--
INFO: Run Behavior\ShowPageTrace [ RunTime:0.000358s ]
INFO: [ app_end ] --END-- [ RunTime:0.000395s ]

[ 2017-08-02T15:17:05+08:00 ] 223.71.245.118 /admin.php/Login/PostLogin
INFO: [ app_begin ] --START--
INFO: Run Behavior\ReadHtmlCache [ RunTime:0.000292s ]
INFO: [ app_begin ] --END-- [ RunTime:0.000592s ]
NOTIC: [8192] mysql_connect(): The mysql extension is deprecated and will be removed in the future: use mysqli or PDO instead /www_test/fenxiao/ThinkPHP/Library/Think/Db/Driver/Mysql.class.php 第 52 行.
SQL: SHOW COLUMNS FROM `qph_login` [ RunTime:0.000604s ]
ERR: 1146:Table 'distribution.qph_login' doesn't exist
 [ SQL语句 ] : SHOW COLUMNS FROM `qph_login`
SQL: SHOW COLUMNS FROM `qph_admin` [ RunTime:0.000616s ]
SQL: SELECT `uid`,`name`,`last_login_ip`,`group_id`,`state`,`pwd` FROM `qph_admin` WHERE ( `mobile` = '18911728732' ) AND ( `pwd` = '5854acf38caa01d136aa12e81164937e' ) LIMIT 1   [ RunTime:0.000249s ]
INFO: [ app_end ] --START--
INFO: Run Behavior\ShowPageTrace [ RunTime:0.000415s ]
INFO: [ app_end ] --END-- [ RunTime:0.000455s ]

[ 2017-08-02T15:17:27+08:00 ] 223.71.245.118 /admin.php/Login/PostLogin
INFO: [ app_begin ] --START--
INFO: Run Behavior\ReadHtmlCache [ RunTime:0.000461s ]
INFO: [ app_begin ] --END-- [ RunTime:0.000805s ]
NOTIC: [8192] mysql_connect(): The mysql extension is deprecated and will be removed in the future: use mysqli or PDO instead /www_test/fenxiao/ThinkPHP/Library/Think/Db/Driver/Mysql.class.php 第 52 行.
SQL: SHOW COLUMNS FROM `qph_login` [ RunTime:0.000472s ]
ERR: 1146:Table 'distribution.qph_login' doesn't exist
 [ SQL语句 ] : SHOW COLUMNS FROM `qph_login`
SQL: SHOW COLUMNS FROM `qph_admin` [ RunTime:0.000437s ]
SQL: SELECT `uid`,`name`,`last_login_ip`,`group_id`,`state`,`pwd` FROM `qph_admin` WHERE ( `mobile` = '18911728574' ) AND ( `pwd` = '8e369d3680feba6bc8ab3f1a980f4058' ) LIMIT 1   [ RunTime:0.000247s ]
INFO: [ app_end ] --START--
INFO: Run Behavior\ShowPageTrace [ RunTime:0.000441s ]
INFO: [ app_end ] --END-- [ RunTime:0.000480s ]

[ 2017-08-02T15:18:30+08:00 ] 223.71.245.118 /admin.php/Login/PostLogin
INFO: [ app_begin ] --START--
INFO: Run Behavior\ReadHtmlCache [ RunTime:0.000438s ]
INFO: [ app_begin ] --END-- [ RunTime:0.000783s ]
NOTIC: [8192] mysql_connect(): The mysql extension is deprecated and will be removed in the future: use mysqli or PDO instead /www_test/fenxiao/ThinkPHP/Library/Think/Db/Driver/Mysql.class.php 第 52 行.
SQL: SHOW COLUMNS FROM `qph_login` [ RunTime:0.000457s ]
ERR: 1146:Table 'distribution.qph_login' doesn't exist
 [ SQL语句 ] : SHOW COLUMNS FROM `qph_login`
SQL: SHOW COLUMNS FROM `qph_admin` [ RunTime:0.000425s ]
SQL: SELECT `uid`,`name`,`last_login_ip`,`group_id`,`state`,`pwd` FROM `qph_admin` WHERE ( `mobile` = '18911728732' ) AND ( `pwd` = 'eab5ce7aa8fcea756b7db5267626ddd1' ) LIMIT 1   [ RunTime:0.000239s ]
INFO: [ app_end ] --START--
INFO: Run Behavior\ShowPageTrace [ RunTime:0.000383s ]
INFO: [ app_end ] --END-- [ RunTime:0.000419s ]

[ 2017-08-02T15:19:13+08:00 ] 223.71.245.118 /admin.php/Login/PostLogin
INFO: [ app_begin ] --START--
INFO: Run Behavior\ReadHtmlCache [ RunTime:0.000296s ]
INFO: [ app_begin ] --END-- [ RunTime:0.000547s ]
NOTIC: [8192] mysql_connect(): The mysql extension is deprecated and will be removed in the future: use mysqli or PDO instead /www_test/fenxiao/ThinkPHP/Library/Think/Db/Driver/Mysql.class.php 第 52 行.
SQL: SHOW COLUMNS FROM `qph_login` [ RunTime:0.000451s ]
ERR: 1146:Table 'distribution.qph_login' doesn't exist
 [ SQL语句 ] : SHOW COLUMNS FROM `qph_login`
SQL: SHOW COLUMNS FROM `qph_admin` [ RunTime:0.000451s ]
SQL: SELECT `uid`,`name`,`last_login_ip`,`group_id`,`state`,`pwd` FROM `qph_admin` WHERE ( `mobile` = '18911728732' ) AND ( `pwd` = '6907ed5d4c735789088461821914aeb1' ) LIMIT 1   [ RunTime:0.000235s ]
INFO: [ app_end ] --START--
INFO: Run Behavior\ShowPageTrace [ RunTime:0.000407s ]
INFO: [ app_end ] --END-- [ RunTime:0.000450s ]

[ 2017-08-02T15:19:44+08:00 ] 223.71.245.118 /admin.php/Login/PostLogin
INFO: [ app_begin ] --START--
INFO: Run Behavior\ReadHtmlCache [ RunTime:0.000298s ]
INFO: [ app_begin ] --END-- [ RunTime:0.000567s ]
NOTIC: [8192] mysql_connect(): The mysql extension is deprecated and will be removed in the future: use mysqli or PDO instead /www_test/fenxiao/ThinkPHP/Library/Think/Db/Driver/Mysql.class.php 第 52 行.
SQL: SHOW COLUMNS FROM `qph_login` [ RunTime:0.000470s ]
ERR: 1146:Table 'distribution.qph_login' doesn't exist
 [ SQL语句 ] : SHOW COLUMNS FROM `qph_login`
SQL: SHOW COLUMNS FROM `qph_admin` [ RunTime:0.000418s ]
SQL: SELECT `uid`,`name`,`last_login_ip`,`group_id`,`state`,`pwd` FROM `qph_admin` WHERE ( `mobile` = '18911728732' ) AND ( `pwd` = '96076fbdfb4b8a3d2dba68ac3641522a' ) LIMIT 1   [ RunTime:0.000217s ]
INFO: [ app_end ] --START--
INFO: Run Behavior\ShowPageTrace [ RunTime:0.000380s ]
INFO: [ app_end ] --END-- [ RunTime:0.000417s ]

[ 2017-08-02T15:21:44+08:00 ] 223.71.245.118 /admin.php/Login/PostLogin
INFO: [ app_begin ] --START--
INFO: Run Behavior\ReadHtmlCache [ RunTime:0.000300s ]
INFO: [ app_begin ] --END-- [ RunTime:0.000541s ]
NOTIC: [8192] mysql_connect(): The mysql extension is deprecated and will be removed in the future: use mysqli or PDO instead /www_test/fenxiao/ThinkPHP/Library/Think/Db/Driver/Mysql.class.php 第 52 行.
SQL: SHOW COLUMNS FROM `qph_login` [ RunTime:0.000512s ]
ERR: 1146:Table 'distribution.qph_login' doesn't exist
 [ SQL语句 ] : SHOW COLUMNS FROM `qph_login`
SQL: SHOW COLUMNS FROM `qph_admin` [ RunTime:0.000479s ]
SQL: SELECT `uid`,`name`,`last_login_ip`,`group_id`,`state`,`pwd` FROM `qph_admin` WHERE ( `mobile` = '18911728732' ) AND ( `pwd` = '27b44f33af9ca1485a8d86895d74d9a5' ) LIMIT 1   [ RunTime:0.000231s ]
INFO: [ app_end ] --START--
INFO: Run Behavior\ShowPageTrace [ RunTime:0.000480s ]
INFO: [ app_end ] --END-- [ RunTime:0.000528s ]

[ 2017-08-02T15:37:14+08:00 ] 223.71.245.118 /admin.php/Login/PostLogin
INFO: [ app_begin ] --START--
INFO: Run Behavior\ReadHtmlCache [ RunTime:0.000288s ]
INFO: [ app_begin ] --END-- [ RunTime:0.000572s ]
NOTIC: [8192] mysql_connect(): The mysql extension is deprecated and will be removed in the future: use mysqli or PDO instead /www_test/fenxiao/ThinkPHP/Library/Think/Db/Driver/Mysql.class.php 第 52 行.
SQL: SHOW COLUMNS FROM `qph_login` [ RunTime:0.000431s ]
ERR: 1146:Table 'distribution.qph_login' doesn't exist
 [ SQL语句 ] : SHOW COLUMNS FROM `qph_login`
SQL: SHOW COLUMNS FROM `qph_admin` [ RunTime:0.000453s ]
SQL: SELECT `uid`,`name`,`last_login_ip`,`group_id`,`state`,`pwd` FROM `qph_admin` WHERE ( `mobile` = '18911728732' ) AND ( `pwd` = '37e32640f32f4ea6179df251402cecb0' ) LIMIT 1   [ RunTime:0.000220s ]
INFO: [ app_end ] --START--
INFO: Run Behavior\ShowPageTrace [ RunTime:0.000362s ]
INFO: [ app_end ] --END-- [ RunTime:0.000404s ]

[ 2017-08-02T15:38:13+08:00 ] 223.71.245.118 /admin.php/Login/PostLogin
INFO: [ app_begin ] --START--
INFO: Run Behavior\ReadHtmlCache [ RunTime:0.000284s ]
INFO: [ app_begin ] --END-- [ RunTime:0.000514s ]
NOTIC: [8192] mysql_connect(): The mysql extension is deprecated and will be removed in the future: use mysqli or PDO instead /www_test/fenxiao/ThinkPHP/Library/Think/Db/Driver/Mysql.class.php 第 52 行.
SQL: SHOW COLUMNS FROM `qph_login` [ RunTime:0.000468s ]
ERR: 1146:Table 'distribution.qph_login' doesn't exist
 [ SQL语句 ] : SHOW COLUMNS FROM `qph_login`
SQL: SHOW COLUMNS FROM `qph_admin` [ RunTime:0.000421s ]
SQL: SELECT `uid`,`name`,`last_login_ip`,`group_id`,`state`,`pwd` FROM `qph_admin` WHERE ( `mobile` = '18911728732' ) AND ( `pwd` = 'abd9fc9345d090b632bc8ef77546df02' ) LIMIT 1   [ RunTime:0.000220s ]
INFO: [ app_end ] --START--
INFO: Run Behavior\ShowPageTrace [ RunTime:0.000349s ]
INFO: [ app_end ] --END-- [ RunTime:0.000388s ]

[ 2017-08-02T15:44:27+08:00 ] 223.71.245.118 /admin.php/Login/PostLogin
INFO: [ app_begin ] --START--
INFO: Run Behavior\ReadHtmlCache [ RunTime:0.000437s ]
INFO: [ app_begin ] --END-- [ RunTime:0.000786s ]
NOTIC: [8192] mysql_connect(): The mysql extension is deprecated and will be removed in the future: use mysqli or PDO instead /www_test/fenxiao/ThinkPHP/Library/Think/Db/Driver/Mysql.class.php 第 52 行.
SQL: SHOW COLUMNS FROM `qph_login` [ RunTime:0.000477s ]
ERR: 1146:Table 'distribution.qph_login' doesn't exist
 [ SQL语句 ] : SHOW COLUMNS FROM `qph_login`
SQL: SHOW COLUMNS FROM `qph_admin` [ RunTime:0.000458s ]
SQL: SELECT `uid`,`name`,`last_login_ip`,`group_id`,`state`,`pwd` FROM `qph_admin` WHERE ( `mobile` = '18911728732' ) AND ( `pwd` = '5854acf38caa01d136aa12e81164937e' ) LIMIT 1   [ RunTime:0.000245s ]
INFO: [ app_end ] --START--
INFO: Run Behavior\ShowPageTrace [ RunTime:0.000536s ]
INFO: [ app_end ] --END-- [ RunTime:0.000596s ]

[ 2017-08-02T15:44:40+08:00 ] 223.71.245.118 /admin.php/Login/PostLogin
INFO: [ app_begin ] --START--
INFO: Run Behavior\ReadHtmlCache [ RunTime:0.000297s ]
INFO: [ app_begin ] --END-- [ RunTime:0.000562s ]
NOTIC: [8192] mysql_connect(): The mysql extension is deprecated and will be removed in the future: use mysqli or PDO instead /www_test/fenxiao/ThinkPHP/Library/Think/Db/Driver/Mysql.class.php 第 52 行.
SQL: SHOW COLUMNS FROM `qph_login` [ RunTime:0.000532s ]
ERR: 1146:Table 'distribution.qph_login' doesn't exist
 [ SQL语句 ] : SHOW COLUMNS FROM `qph_login`
SQL: SHOW COLUMNS FROM `qph_admin` [ RunTime:0.000460s ]
SQL: SELECT `uid`,`name`,`last_login_ip`,`group_id`,`state`,`pwd` FROM `qph_admin` WHERE ( `mobile` = '18911728732' ) AND ( `pwd` = '5854acf38caa01d136aa12e81164937e' ) LIMIT 1   [ RunTime:0.000232s ]
INFO: [ app_end ] --START--
INFO: Run Behavior\ShowPageTrace [ RunTime:0.000358s ]
INFO: [ app_end ] --END-- [ RunTime:0.000404s ]

[ 2017-08-02T15:44:44+08:00 ] 223.71.245.118 /admin.php/Login/PostLogin
INFO: [ app_begin ] --START--
INFO: Run Behavior\ReadHtmlCache [ RunTime:0.000331s ]
INFO: [ app_begin ] --END-- [ RunTime:0.000573s ]
NOTIC: [8192] mysql_connect(): The mysql extension is deprecated and will be removed in the future: use mysqli or PDO instead /www_test/fenxiao/ThinkPHP/Library/Think/Db/Driver/Mysql.class.php 第 52 行.
SQL: SHOW COLUMNS FROM `qph_login` [ RunTime:0.000486s ]
ERR: 1146:Table 'distribution.qph_login' doesn't exist
 [ SQL语句 ] : SHOW COLUMNS FROM `qph_login`
SQL: SHOW COLUMNS FROM `qph_admin` [ RunTime:0.000434s ]
SQL: SELECT `uid`,`name`,`last_login_ip`,`group_id`,`state`,`pwd` FROM `qph_admin` WHERE ( `mobile` = '18911728732' ) AND ( `pwd` = '5854acf38caa01d136aa12e81164937e' ) LIMIT 1   [ RunTime:0.000254s ]
INFO: [ app_end ] --START--
INFO: Run Behavior\ShowPageTrace [ RunTime:0.000379s ]
INFO: [ app_end ] --END-- [ RunTime:0.000429s ]

[ 2017-08-02T15:44:57+08:00 ] 223.71.245.118 /admin.php/Login/PostLogin
INFO: [ app_begin ] --START--
INFO: Run Behavior\ReadHtmlCache [ RunTime:0.000284s ]
INFO: [ app_begin ] --END-- [ RunTime:0.000540s ]
NOTIC: [8192] mysql_connect(): The mysql extension is deprecated and will be removed in the future: use mysqli or PDO instead /www_test/fenxiao/ThinkPHP/Library/Think/Db/Driver/Mysql.class.php 第 52 行.
SQL: SHOW COLUMNS FROM `qph_login` [ RunTime:0.000483s ]
ERR: 1146:Table 'distribution.qph_login' doesn't exist
 [ SQL语句 ] : SHOW COLUMNS FROM `qph_login`
SQL: SHOW COLUMNS FROM `qph_admin` [ RunTime:0.000441s ]
SQL: SELECT `uid`,`name`,`last_login_ip`,`group_id`,`state`,`pwd` FROM `qph_admin` WHERE ( `mobile` = '18911728732' ) AND ( `pwd` = '5854acf38caa01d136aa12e81164937e' ) LIMIT 1   [ RunTime:0.000249s ]
INFO: [ app_end ] --START--
INFO: Run Behavior\ShowPageTrace [ RunTime:0.000331s ]
INFO: [ app_end ] --END-- [ RunTime:0.000366s ]

[ 2017-08-02T15:45:18+08:00 ] 223.71.245.118 /admin.php/Login/PostLogin
INFO: [ app_begin ] --START--
INFO: Run Behavior\ReadHtmlCache [ RunTime:0.000290s ]
INFO: [ app_begin ] --END-- [ RunTime:0.000518s ]
NOTIC: [8192] mysql_connect(): The mysql extension is deprecated and will be removed in the future: use mysqli or PDO instead /www_test/fenxiao/ThinkPHP/Library/Think/Db/Driver/Mysql.class.php 第 52 行.
SQL: SHOW COLUMNS FROM `qph_login` [ RunTime:0.000458s ]
ERR: 1146:Table 'distribution.qph_login' doesn't exist
 [ SQL语句 ] : SHOW COLUMNS FROM `qph_login`
SQL: SHOW COLUMNS FROM `qph_admin` [ RunTime:0.000486s ]
SQL: SELECT `uid`,`name`,`last_login_ip`,`group_id`,`state`,`pwd` FROM `qph_admin` WHERE ( `mobile` = '18911728732' ) AND ( `pwd` = '2f9f719673404be903837cf3de0d22d1' ) LIMIT 1   [ RunTime:0.000245s ]
INFO: [ app_end ] --START--
INFO: Run Behavior\ShowPageTrace [ RunTime:0.000528s ]
INFO: [ app_end ] --END-- [ RunTime:0.000581s ]

[ 2017-08-02T15:45:39+08:00 ] 223.71.245.118 /admin.php/Login/PostLogin
INFO: [ app_begin ] --START--
INFO: Run Behavior\ReadHtmlCache [ RunTime:0.000282s ]
INFO: [ app_begin ] --END-- [ RunTime:0.000516s ]
NOTIC: [8192] mysql_connect(): The mysql extension is deprecated and will be removed in the future: use mysqli or PDO instead /www_test/fenxiao/ThinkPHP/Library/Think/Db/Driver/Mysql.class.php 第 52 行.
SQL: SHOW COLUMNS FROM `qph_login` [ RunTime:0.000527s ]
ERR: 1146:Table 'distribution.qph_login' doesn't exist
 [ SQL语句 ] : SHOW COLUMNS FROM `qph_login`
SQL: SHOW COLUMNS FROM `qph_admin` [ RunTime:0.000434s ]
SQL: SELECT `uid`,`name`,`last_login_ip`,`group_id`,`state`,`pwd` FROM `qph_admin` WHERE ( `mobile` = '18911728732' ) AND ( `pwd` = '5854acf38caa01d136aa12e81164937e' ) LIMIT 1   [ RunTime:0.000270s ]
INFO: [ app_end ] --START--
INFO: Run Behavior\ShowPageTrace [ RunTime:0.000462s ]
INFO: [ app_end ] --END-- [ RunTime:0.000502s ]

[ 2017-08-02T15:50:03+08:00 ] 223.71.245.118 /admin.php/Login/PostLogin
INFO: [ app_begin ] --START--
INFO: Run Behavior\ReadHtmlCache [ RunTime:0.000337s ]
INFO: [ app_begin ] --END-- [ RunTime:0.000574s ]
NOTIC: [8192] mysql_connect(): The mysql extension is deprecated and will be removed in the future: use mysqli or PDO instead /www_test/fenxiao/ThinkPHP/Library/Think/Db/Driver/Mysql.class.php 第 52 行.
SQL: SHOW COLUMNS FROM `qph_login` [ RunTime:0.000457s ]
ERR: 1146:Table 'distribution.qph_login' doesn't exist
 [ SQL语句 ] : SHOW COLUMNS FROM `qph_login`
SQL: SHOW COLUMNS FROM `qph_admin` [ RunTime:0.000453s ]
SQL: SELECT `uid`,`name`,`last_login_ip`,`group_id`,`state`,`pwd` FROM `qph_admin` WHERE ( `mobile` = '18911728732' ) AND ( `pwd` = '5854acf38caa01d136aa12e81164937e' ) LIMIT 1   [ RunTime:0.000242s ]
INFO: [ app_end ] --START--
INFO: Run Behavior\ShowPageTrace [ RunTime:0.000395s ]
INFO: [ app_end ] --END-- [ RunTime:0.000432s ]

[ 2017-08-02T15:52:59+08:00 ] 223.71.245.118 /admin.php/Login/PostLogin
INFO: [ app_begin ] --START--
INFO: Run Behavior\ReadHtmlCache [ RunTime:0.000283s ]
INFO: [ app_begin ] --END-- [ RunTime:0.000528s ]
NOTIC: [8192] mysql_connect(): The mysql extension is deprecated and will be removed in the future: use mysqli or PDO instead /www_test/fenxiao/ThinkPHP/Library/Think/Db/Driver/Mysql.class.php 第 52 行.
SQL: SHOW COLUMNS FROM `qph_login` [ RunTime:0.000434s ]
ERR: 1146:Table 'distribution.qph_login' doesn't exist
 [ SQL语句 ] : SHOW COLUMNS FROM `qph_login`
SQL: SHOW COLUMNS FROM `qph_admin` [ RunTime:0.000432s ]
SQL: SELECT `uid`,`name`,`last_login_ip`,`group_id`,`state`,`pwd` FROM `qph_admin` WHERE ( `mobile` = '18911728732' ) AND ( `pwd` = '815d71141c1a8966d441a1a6ee7e58de' ) LIMIT 1   [ RunTime:0.000222s ]
INFO: [ app_end ] --START--
INFO: Run Behavior\ShowPageTrace [ RunTime:0.000374s ]
INFO: [ app_end ] --END-- [ RunTime:0.000411s ]

[ 2017-08-02T15:52:59+08:00 ] 223.71.245.118 /admin.php/Login/CheckLogin
INFO: [ app_begin ] --START--
INFO: Run Behavior\ReadHtmlCache [ RunTime:0.000279s ]
INFO: [ app_begin ] --END-- [ RunTime:0.000502s ]
NOTIC: [8192] mysql_connect(): The mysql extension is deprecated and will be removed in the future: use mysqli or PDO instead /www_test/fenxiao/ThinkPHP/Library/Think/Db/Driver/Mysql.class.php 第 52 行.
SQL: SHOW COLUMNS FROM `qph_login` [ RunTime:0.000540s ]
ERR: 1146:Table 'distribution.qph_login' doesn't exist
 [ SQL语句 ] : SHOW COLUMNS FROM `qph_login`
INFO: [ app_end ] --START--
INFO: Run Behavior\ShowPageTrace [ RunTime:0.000355s ]
INFO: [ app_end ] --END-- [ RunTime:0.000393s ]

[ 2017-08-02T15:54:02+08:00 ] 223.71.245.118 /admin.php/Login/PostLogin
INFO: [ app_begin ] --START--
INFO: Run Behavior\ReadHtmlCache [ RunTime:0.000311s ]
INFO: [ app_begin ] --END-- [ RunTime:0.000538s ]
NOTIC: [8192] mysql_connect(): The mysql extension is deprecated and will be removed in the future: use mysqli or PDO instead /www_test/fenxiao/ThinkPHP/Library/Think/Db/Driver/Mysql.class.php 第 52 行.
SQL: SHOW COLUMNS FROM `qph_login` [ RunTime:0.000515s ]
ERR: 1146:Table 'distribution.qph_login' doesn't exist
 [ SQL语句 ] : SHOW COLUMNS FROM `qph_login`
SQL: SHOW COLUMNS FROM `qph_admin` [ RunTime:0.000426s ]
SQL: SELECT `uid`,`name`,`last_login_ip`,`group_id`,`state`,`pwd` FROM `qph_admin` WHERE ( `mobile` = '18911728732' ) AND ( `pwd` = 'd57641f46347df33e238f5006ff7b7a9' ) LIMIT 1   [ RunTime:0.000262s ]
INFO: [ app_end ] --START--
INFO: Run Behavior\ShowPageTrace [ RunTime:0.000415s ]
INFO: [ app_end ] --END-- [ RunTime:0.000454s ]

[ 2017-08-02T15:54:02+08:00 ] 223.71.245.118 /admin.php/Login/CheckLogin
INFO: [ app_begin ] --START--
INFO: Run Behavior\ReadHtmlCache [ RunTime:0.000361s ]
INFO: [ app_begin ] --END-- [ RunTime:0.000669s ]
NOTIC: [8192] mysql_connect(): The mysql extension is deprecated and will be removed in the future: use mysqli or PDO instead /www_test/fenxiao/ThinkPHP/Library/Think/Db/Driver/Mysql.class.php 第 52 行.
SQL: SHOW COLUMNS FROM `qph_login` [ RunTime:0.000496s ]
ERR: 1146:Table 'distribution.qph_login' doesn't exist
 [ SQL语句 ] : SHOW COLUMNS FROM `qph_login`
INFO: [ app_end ] --START--
INFO: Run Behavior\ShowPageTrace [ RunTime:0.000374s ]
INFO: [ app_end ] --END-- [ RunTime:0.000414s ]

[ 2017-08-02T16:12:04+08:00 ] 223.71.245.118 /admin.php/Login/PostLogin
INFO: [ app_begin ] --START--
INFO: Run Behavior\ReadHtmlCache [ RunTime:0.000317s ]
INFO: [ app_begin ] --END-- [ RunTime:0.000562s ]
NOTIC: [8192] mysql_connect(): The mysql extension is deprecated and will be removed in the future: use mysqli or PDO instead /www_test/fenxiao/ThinkPHP/Library/Think/Db/Driver/Mysql.class.php 第 52 行.
SQL: SHOW COLUMNS FROM `qph_login` [ RunTime:0.000479s ]
ERR: 1146:Table 'distribution.qph_login' doesn't exist
 [ SQL语句 ] : SHOW COLUMNS FROM `qph_login`
SQL: SHOW COLUMNS FROM `qph_admin` [ RunTime:0.000450s ]
SQL: SELECT `uid`,`name`,`last_login_ip`,`group_id`,`state`,`pwd` FROM `qph_admin` WHERE ( `mobile` = '18911728732' ) AND ( `pwd` = 'e712e479c22e6b255a68d8e104e0a2f2' ) LIMIT 1   [ RunTime:0.000228s ]
INFO: [ app_end ] --START--
INFO: Run Behavior\ShowPageTrace [ RunTime:0.000393s ]
INFO: [ app_end ] --END-- [ RunTime:0.000429s ]

[ 2017-08-02T16:12:13+08:00 ] 223.71.245.118 /admin.php/Login/PostLogin
INFO: [ app_begin ] --START--
INFO: Run Behavior\ReadHtmlCache [ RunTime:0.000533s ]
INFO: [ app_begin ] --END-- [ RunTime:0.000884s ]
NOTIC: [8192] mysql_connect(): The mysql extension is deprecated and will be removed in the future: use mysqli or PDO instead /www_test/fenxiao/ThinkPHP/Library/Think/Db/Driver/Mysql.class.php 第 52 行.
SQL: SHOW COLUMNS FROM `qph_login` [ RunTime:0.000531s ]
ERR: 1146:Table 'distribution.qph_login' doesn't exist
 [ SQL语句 ] : SHOW COLUMNS FROM `qph_login`
SQL: SHOW COLUMNS FROM `qph_admin` [ RunTime:0.000456s ]
SQL: SELECT `uid`,`name`,`last_login_ip`,`group_id`,`state`,`pwd` FROM `qph_admin` WHERE ( `mobile` = '18911728732' ) AND ( `pwd` = 'e712e479c22e6b255a68d8e104e0a2f2' ) LIMIT 1   [ RunTime:0.000264s ]
INFO: [ app_end ] --START--
INFO: Run Behavior\ShowPageTrace [ RunTime:0.000419s ]
INFO: [ app_end ] --END-- [ RunTime:0.000456s ]

[ 2017-08-02T16:12:56+08:00 ] 223.71.245.118 /admin.php/Login/PostLogin
INFO: [ app_begin ] --START--
INFO: Run Behavior\ReadHtmlCache [ RunTime:0.000337s ]
INFO: [ app_begin ] --END-- [ RunTime:0.000565s ]
NOTIC: [8192] mysql_connect(): The mysql extension is deprecated and will be removed in the future: use mysqli or PDO instead /www_test/fenxiao/ThinkPHP/Library/Think/Db/Driver/Mysql.class.php 第 52 行.
SQL: SHOW COLUMNS FROM `qph_login` [ RunTime:0.000462s ]
ERR: 1146:Table 'distribution.qph_login' doesn't exist
 [ SQL语句 ] : SHOW COLUMNS FROM `qph_login`
SQL: SHOW COLUMNS FROM `qph_admin` [ RunTime:0.000460s ]
SQL: SELECT `uid`,`name`,`last_login_ip`,`group_id`,`state`,`pwd` FROM `qph_admin` WHERE ( `mobile` = '18911728732' ) AND ( `pwd` = 'd2612a2a850309bfe82e0ee9b9f8384d' ) LIMIT 1   [ RunTime:0.000249s ]
INFO: [ app_end ] --START--
INFO: Run Behavior\ShowPageTrace [ RunTime:0.000369s ]
INFO: [ app_end ] --END-- [ RunTime:0.000406s ]

[ 2017-08-02T16:13:37+08:00 ] 223.71.245.118 /admin.php/Login/PostLogin
INFO: [ app_begin ] --START--
INFO: Run Behavior\ReadHtmlCache [ RunTime:0.000305s ]
INFO: [ app_begin ] --END-- [ RunTime:0.000622s ]
NOTIC: [8192] mysql_connect(): The mysql extension is deprecated and will be removed in the future: use mysqli or PDO instead /www_test/fenxiao/ThinkPHP/Library/Think/Db/Driver/Mysql.class.php 第 52 行.
SQL: SHOW COLUMNS FROM `qph_login` [ RunTime:0.000450s ]
ERR: 1146:Table 'distribution.qph_login' doesn't exist
 [ SQL语句 ] : SHOW COLUMNS FROM `qph_login`
SQL: SHOW COLUMNS FROM `qph_admin` [ RunTime:0.000544s ]
SQL: SELECT `uid`,`name`,`last_login_ip`,`group_id`,`state`,`pwd` FROM `qph_admin` WHERE ( `mobile` = '18911728732' ) AND ( `pwd` = 'd2612a2a850309bfe82e0ee9b9f8384d' ) LIMIT 1   [ RunTime:0.000235s ]
INFO: [ app_end ] --START--
INFO: Run Behavior\ShowPageTrace [ RunTime:0.000375s ]
INFO: [ app_end ] --END-- [ RunTime:0.000419s ]

[ 2017-08-02T16:14:07+08:00 ] 223.71.245.118 /admin.php/Login/PostLogin
INFO: [ app_begin ] --START--
INFO: Run Behavior\ReadHtmlCache [ RunTime:0.000315s ]
INFO: [ app_begin ] --END-- [ RunTime:0.000546s ]
NOTIC: [8192] mysql_connect(): The mysql extension is deprecated and will be removed in the future: use mysqli or PDO instead /www_test/fenxiao/ThinkPHP/Library/Think/Db/Driver/Mysql.class.php 第 52 行.
SQL: SHOW COLUMNS FROM `qph_login` [ RunTime:0.000474s ]
ERR: 1146:Table 'distribution.qph_login' doesn't exist
 [ SQL语句 ] : SHOW COLUMNS FROM `qph_login`
SQL: SHOW COLUMNS FROM `qph_admin` [ RunTime:0.000491s ]
SQL: SELECT `uid`,`name`,`last_login_ip`,`group_id`,`state`,`pwd` FROM `qph_admin` WHERE ( `mobile` = '18911728732' ) AND ( `pwd` = 'c9c707270c938742e3a5897fc67575be' ) LIMIT 1   [ RunTime:0.000255s ]
INFO: [ app_end ] --START--
INFO: Run Behavior\ShowPageTrace [ RunTime:0.000350s ]
INFO: [ app_end ] --END-- [ RunTime:0.000395s ]

[ 2017-08-02T16:14:29+08:00 ] 223.71.245.118 /admin.php/Login/PostLogin
INFO: [ app_begin ] --START--
INFO: Run Behavior\ReadHtmlCache [ RunTime:0.000303s ]
INFO: [ app_begin ] --END-- [ RunTime:0.000533s ]
NOTIC: [8192] mysql_connect(): The mysql extension is deprecated and will be removed in the future: use mysqli or PDO instead /www_test/fenxiao/ThinkPHP/Library/Think/Db/Driver/Mysql.class.php 第 52 行.
SQL: SHOW COLUMNS FROM `qph_login` [ RunTime:0.000453s ]
ERR: 1146:Table 'distribution.qph_login' doesn't exist
 [ SQL语句 ] : SHOW COLUMNS FROM `qph_login`
SQL: SHOW COLUMNS FROM `qph_admin` [ RunTime:0.000473s ]
SQL: SELECT `uid`,`name`,`last_login_ip`,`group_id`,`state`,`pwd` FROM `qph_admin` WHERE ( `mobile` = '18911728732' ) AND ( `pwd` = 'c9c707270c938742e3a5897fc67575be' ) LIMIT 1   [ RunTime:0.000222s ]
INFO: [ app_end ] --START--
INFO: Run Behavior\ShowPageTrace [ RunTime:0.000390s ]
INFO: [ app_end ] --END-- [ RunTime:0.000430s ]

[ 2017-08-02T16:17:51+08:00 ] 223.71.245.118 /admin.php/Login/PostLogin
INFO: [ app_begin ] --START--
INFO: Run Behavior\ReadHtmlCache [ RunTime:0.000282s ]
INFO: [ app_begin ] --END-- [ RunTime:0.000518s ]
NOTIC: [8192] mysql_connect(): The mysql extension is deprecated and will be removed in the future: use mysqli or PDO instead /www_test/fenxiao/ThinkPHP/Library/Think/Db/Driver/Mysql.class.php 第 52 行.
SQL: SHOW COLUMNS FROM `qph_login` [ RunTime:0.000509s ]
ERR: 1146:Table 'distribution.qph_login' doesn't exist
 [ SQL语句 ] : SHOW COLUMNS FROM `qph_login`
SQL: SHOW COLUMNS FROM `qph_admin` [ RunTime:0.000426s ]
SQL: SELECT `uid`,`name`,`last_login_ip`,`group_id`,`state`,`pwd` FROM `qph_admin` WHERE ( `mobile` = '18911728732' ) AND ( `pwd` = '5bad95231352f7bc590a3bea689e5842' ) LIMIT 1   [ RunTime:0.000288s ]
INFO: [ app_end ] --START--
INFO: Run Behavior\ShowPageTrace [ RunTime:0.000381s ]
INFO: [ app_end ] --END-- [ RunTime:0.000417s ]

[ 2017-08-02T16:18:24+08:00 ] 223.71.245.118 /admin.php/Login/PostLogin
INFO: [ app_begin ] --START--
INFO: Run Behavior\ReadHtmlCache [ RunTime:0.000331s ]
INFO: [ app_begin ] --END-- [ RunTime:0.000562s ]
NOTIC: [8192] mysql_connect(): The mysql extension is deprecated and will be removed in the future: use mysqli or PDO instead /www_test/fenxiao/ThinkPHP/Library/Think/Db/Driver/Mysql.class.php 第 52 行.
SQL: SHOW COLUMNS FROM `qph_login` [ RunTime:0.000524s ]
ERR: 1146:Table 'distribution.qph_login' doesn't exist
 [ SQL语句 ] : SHOW COLUMNS FROM `qph_login`
SQL: SHOW COLUMNS FROM `qph_admin` [ RunTime:0.000458s ]
SQL: SELECT `uid`,`name`,`last_login_ip`,`group_id`,`state`,`pwd` FROM `qph_admin` WHERE ( `mobile` = '18911728732' ) AND ( `pwd` = '84b491c628ee83fddb444df71078d22e' ) LIMIT 1   [ RunTime:0.000253s ]
INFO: [ app_end ] --START--
INFO: Run Behavior\ShowPageTrace [ RunTime:0.000355s ]
INFO: [ app_end ] --END-- [ RunTime:0.000418s ]

[ 2017-08-02T16:18:55+08:00 ] 223.71.245.118 /admin.php/Login/PostLogin
INFO: [ app_begin ] --START--
INFO: Run Behavior\ReadHtmlCache [ RunTime:0.000290s ]
INFO: [ app_begin ] --END-- [ RunTime:0.000538s ]
NOTIC: [8192] mysql_connect(): The mysql extension is deprecated and will be removed in the future: use mysqli or PDO instead /www_test/fenxiao/ThinkPHP/Library/Think/Db/Driver/Mysql.class.php 第 52 行.
SQL: SHOW COLUMNS FROM `qph_login` [ RunTime:0.000495s ]
ERR: 1146:Table 'distribution.qph_login' doesn't exist
 [ SQL语句 ] : SHOW COLUMNS FROM `qph_login`
SQL: SHOW COLUMNS FROM `qph_admin` [ RunTime:0.000441s ]
SQL: SELECT `uid`,`name`,`last_login_ip`,`group_id`,`state`,`pwd` FROM `qph_admin` WHERE ( `mobile` = '18911728732' ) AND ( `pwd` = '84b491c628ee83fddb444df71078d22e' ) LIMIT 1   [ RunTime:0.000236s ]
INFO: [ app_end ] --START--
INFO: Run Behavior\ShowPageTrace [ RunTime:0.000407s ]
INFO: [ app_end ] --END-- [ RunTime:0.000444s ]

[ 2017-08-02T16:19:15+08:00 ] 223.71.245.118 /admin.php/Login/PostLogin
INFO: [ app_begin ] --START--
INFO: Run Behavior\ReadHtmlCache [ RunTime:0.000308s ]
INFO: [ app_begin ] --END-- [ RunTime:0.000586s ]
NOTIC: [8192] mysql_connect(): The mysql extension is deprecated and will be removed in the future: use mysqli or PDO instead /www_test/fenxiao/ThinkPHP/Library/Think/Db/Driver/Mysql.class.php 第 52 行.
SQL: SHOW COLUMNS FROM `qph_login` [ RunTime:0.000469s ]
ERR: 1146:Table 'distribution.qph_login' doesn't exist
 [ SQL语句 ] : SHOW COLUMNS FROM `qph_login`
SQL: SHOW COLUMNS FROM `qph_admin` [ RunTime:0.000471s ]
SQL: SELECT `uid`,`name`,`last_login_ip`,`group_id`,`state`,`pwd` FROM `qph_admin` WHERE ( `mobile` = '18911728732' ) AND ( `pwd` = '84b491c628ee83fddb444df71078d22e' ) LIMIT 1   [ RunTime:0.000276s ]
INFO: [ app_end ] --START--
INFO: Run Behavior\ShowPageTrace [ RunTime:0.000547s ]
INFO: [ app_end ] --END-- [ RunTime:0.000605s ]

[ 2017-08-02T16:20:12+08:00 ] 223.71.245.118 /admin.php/Login/PostLogin
INFO: [ app_begin ] --START--
INFO: Run Behavior\ReadHtmlCache [ RunTime:0.000316s ]
INFO: [ app_begin ] --END-- [ RunTime:0.000553s ]
NOTIC: [8192] mysql_connect(): The mysql extension is deprecated and will be removed in the future: use mysqli or PDO instead /www_test/fenxiao/ThinkPHP/Library/Think/Db/Driver/Mysql.class.php 第 52 行.
SQL: SHOW COLUMNS FROM `qph_login` [ RunTime:0.000469s ]
ERR: 1146:Table 'distribution.qph_login' doesn't exist
 [ SQL语句 ] : SHOW COLUMNS FROM `qph_login`
SQL: SHOW COLUMNS FROM `qph_admin` [ RunTime:0.000455s ]
SQL: SELECT `uid`,`name`,`last_login_ip`,`group_id`,`state`,`pwd` FROM `qph_admin` WHERE ( `mobile` = '18911728732' ) AND ( `pwd` = 'ae6b66d0ce79036625daaea411dffa43' ) LIMIT 1   [ RunTime:0.000221s ]
INFO: [ app_end ] --START--
INFO: Run Behavior\ShowPageTrace [ RunTime:0.000460s ]
INFO: [ app_end ] --END-- [ RunTime:0.000501s ]

[ 2017-08-02T16:21:14+08:00 ] 223.71.245.118 /admin.php/Login/PostLogin
INFO: [ app_begin ] --START--
INFO: Run Behavior\ReadHtmlCache [ RunTime:0.000310s ]
INFO: [ app_begin ] --END-- [ RunTime:0.000552s ]
NOTIC: [8192] mysql_connect(): The mysql extension is deprecated and will be removed in the future: use mysqli or PDO instead /www_test/fenxiao/ThinkPHP/Library/Think/Db/Driver/Mysql.class.php 第 52 行.
SQL: SHOW COLUMNS FROM `qph_login` [ RunTime:0.000474s ]
ERR: 1146:Table 'distribution.qph_login' doesn't exist
 [ SQL语句 ] : SHOW COLUMNS FROM `qph_login`
SQL: SHOW COLUMNS FROM `qph_admin` [ RunTime:0.000439s ]
SQL: SELECT `uid`,`name`,`last_login_ip`,`group_id`,`state`,`pwd` FROM `qph_admin` WHERE ( `mobile` = '18911728732' ) AND ( `pwd` = 'ae6b66d0ce79036625daaea411dffa43' ) LIMIT 1   [ RunTime:0.000239s ]
INFO: [ app_end ] --START--
INFO: Run Behavior\ShowPageTrace [ RunTime:0.000365s ]
INFO: [ app_end ] --END-- [ RunTime:0.000405s ]

[ 2017-08-02T16:22:55+08:00 ] 223.71.245.118 /admin.php/Login/PostLogin
INFO: [ app_begin ] --START--
INFO: Run Behavior\ReadHtmlCache [ RunTime:0.000346s ]
INFO: [ app_begin ] --END-- [ RunTime:0.000616s ]
NOTIC: [8192] mysql_connect(): The mysql extension is deprecated and will be removed in the future: use mysqli or PDO instead /www_test/fenxiao/ThinkPHP/Library/Think/Db/Driver/Mysql.class.php 第 52 行.
SQL: SHOW COLUMNS FROM `qph_login` [ RunTime:0.000459s ]
ERR: 1146:Table 'distribution.qph_login' doesn't exist
 [ SQL语句 ] : SHOW COLUMNS FROM `qph_login`
SQL: SHOW COLUMNS FROM `qph_admin` [ RunTime:0.000525s ]
SQL: SELECT `uid`,`name`,`last_login_ip`,`group_id`,`state`,`pwd` FROM `qph_admin` WHERE ( `mobile` = '18911728732' ) AND ( `pwd` = '66cac571113757312e85e97c6dfdffcb' ) LIMIT 1   [ RunTime:0.000267s ]
INFO: [ app_end ] --START--
INFO: Run Behavior\ShowPageTrace [ RunTime:0.000380s ]
INFO: [ app_end ] --END-- [ RunTime:0.000425s ]

[ 2017-08-02T16:23:16+08:00 ] 223.71.245.118 /admin.php/Login/PostLogin
INFO: [ app_begin ] --START--
INFO: Run Behavior\ReadHtmlCache [ RunTime:0.000355s ]
INFO: [ app_begin ] --END-- [ RunTime:0.000654s ]
NOTIC: [8192] mysql_connect(): The mysql extension is deprecated and will be removed in the future: use mysqli or PDO instead /www_test/fenxiao/ThinkPHP/Library/Think/Db/Driver/Mysql.class.php 第 52 行.
SQL: SHOW COLUMNS FROM `qph_login` [ RunTime:0.000479s ]
ERR: 1146:Table 'distribution.qph_login' doesn't exist
 [ SQL语句 ] : SHOW COLUMNS FROM `qph_login`
SQL: SHOW COLUMNS FROM `qph_admin` [ RunTime:0.000472s ]
SQL: SELECT `uid`,`name`,`last_login_ip`,`group_id`,`state`,`pwd` FROM `qph_admin` WHERE ( `mobile` = '18911728732' ) AND ( `pwd` = '66cac571113757312e85e97c6dfdffcb' ) LIMIT 1   [ RunTime:0.000294s ]
INFO: [ app_end ] --START--
INFO: Run Behavior\ShowPageTrace [ RunTime:0.000333s ]
INFO: [ app_end ] --END-- [ RunTime:0.000369s ]

[ 2017-08-02T16:23:43+08:00 ] 223.71.245.118 /admin.php/Login/PostLogin
INFO: [ app_begin ] --START--
INFO: Run Behavior\ReadHtmlCache [ RunTime:0.000325s ]
INFO: [ app_begin ] --END-- [ RunTime:0.000552s ]
NOTIC: [8192] mysql_connect(): The mysql extension is deprecated and will be removed in the future: use mysqli or PDO instead /www_test/fenxiao/ThinkPHP/Library/Think/Db/Driver/Mysql.class.php 第 52 行.
SQL: SHOW COLUMNS FROM `qph_login` [ RunTime:0.000477s ]
ERR: 1146:Table 'distribution.qph_login' doesn't exist
 [ SQL语句 ] : SHOW COLUMNS FROM `qph_login`
SQL: SHOW COLUMNS FROM `qph_admin` [ RunTime:0.000457s ]
SQL: SELECT `uid`,`name`,`last_login_ip`,`group_id`,`state`,`pwd` FROM `qph_admin` WHERE ( `mobile` = '18911728732' ) AND ( `pwd` = '66cac571113757312e85e97c6dfdffcb' ) LIMIT 1   [ RunTime:0.000255s ]
INFO: [ app_end ] --START--
INFO: Run Behavior\ShowPageTrace [ RunTime:0.000350s ]
INFO: [ app_end ] --END-- [ RunTime:0.000388s ]

[ 2017-08-02T16:24:26+08:00 ] 223.71.245.118 /admin.php/Login/PostLogin
INFO: [ app_begin ] --START--
INFO: Run Behavior\ReadHtmlCache [ RunTime:0.000290s ]
INFO: [ app_begin ] --END-- [ RunTime:0.000550s ]
NOTIC: [8192] mysql_connect(): The mysql extension is deprecated and will be removed in the future: use mysqli or PDO instead /www_test/fenxiao/ThinkPHP/Library/Think/Db/Driver/Mysql.class.php 第 52 行.
SQL: SHOW COLUMNS FROM `qph_login` [ RunTime:0.000510s ]
ERR: 1146:Table 'distribution.qph_login' doesn't exist
 [ SQL语句 ] : SHOW COLUMNS FROM `qph_login`
SQL: SHOW COLUMNS FROM `qph_admin` [ RunTime:0.000491s ]
SQL: SELECT `uid`,`name`,`last_login_ip`,`group_id`,`state`,`pwd` FROM `qph_admin` WHERE ( `mobile` = '18911728732' ) AND ( `pwd` = 'a60d4e3131e07e260a0777954ee1ec8b' ) LIMIT 1   [ RunTime:0.000244s ]
INFO: [ app_end ] --START--
INFO: Run Behavior\ShowPageTrace [ RunTime:0.000565s ]
INFO: [ app_end ] --END-- [ RunTime:0.000623s ]

[ 2017-08-02T16:34:27+08:00 ] 223.71.245.118 /admin.php/Login/PostLogin
INFO: [ app_begin ] --START--
INFO: Run Behavior\ReadHtmlCache [ RunTime:0.000306s ]
INFO: [ app_begin ] --END-- [ RunTime:0.000582s ]
NOTIC: [8192] mysql_connect(): The mysql extension is deprecated and will be removed in the future: use mysqli or PDO instead /www_test/fenxiao/ThinkPHP/Library/Think/Db/Driver/Mysql.class.php 第 52 行.
SQL: SHOW COLUMNS FROM `qph_login` [ RunTime:0.000437s ]
ERR: 1146:Table 'distribution.qph_login' doesn't exist
 [ SQL语句 ] : SHOW COLUMNS FROM `qph_login`
SQL: SHOW COLUMNS FROM `qph_admin` [ RunTime:0.000436s ]
SQL: SELECT `uid`,`name`,`last_login_ip`,`group_id`,`state`,`pwd` FROM `qph_admin` WHERE ( `mobile` = '18911728732' ) AND ( `pwd` = '41d1a75c21ffc2585d78450787ed3d9a' ) LIMIT 1   [ RunTime:0.000221s ]
INFO: [ app_end ] --START--
INFO: Run Behavior\ShowPageTrace [ RunTime:0.000372s ]
INFO: [ app_end ] --END-- [ RunTime:0.000407s ]

[ 2017-08-02T16:35:43+08:00 ] 223.71.245.118 /admin.php/Login/PostLogin
INFO: [ app_begin ] --START--
INFO: Run Behavior\ReadHtmlCache [ RunTime:0.000312s ]
INFO: [ app_begin ] --END-- [ RunTime:0.000619s ]
NOTIC: [8192] mysql_connect(): The mysql extension is deprecated and will be removed in the future: use mysqli or PDO instead /www_test/fenxiao/ThinkPHP/Library/Think/Db/Driver/Mysql.class.php 第 52 行.
SQL: SHOW COLUMNS FROM `qph_login` [ RunTime:0.000448s ]
ERR: 1146:Table 'distribution.qph_login' doesn't exist
 [ SQL语句 ] : SHOW COLUMNS FROM `qph_login`
SQL: SHOW COLUMNS FROM `qph_admin` [ RunTime:0.000416s ]
SQL: SELECT `uid`,`name`,`last_login_ip`,`group_id`,`state`,`pwd` FROM `qph_admin` WHERE ( `mobile` = '18911728732' ) AND ( `pwd` = '41d1a75c21ffc2585d78450787ed3d9a' ) LIMIT 1   [ RunTime:0.000231s ]
INFO: [ app_end ] --START--
INFO: Run Behavior\ShowPageTrace [ RunTime:0.000353s ]
INFO: [ app_end ] --END-- [ RunTime:0.000389s ]

[ 2017-08-02T16:35:52+08:00 ] 223.71.245.118 /admin.php/Login/CheckLogin
INFO: [ app_begin ] --START--
INFO: Run Behavior\ReadHtmlCache [ RunTime:0.000283s ]
INFO: [ app_begin ] --END-- [ RunTime:0.000519s ]
NOTIC: [8192] mysql_connect(): The mysql extension is deprecated and will be removed in the future: use mysqli or PDO instead /www_test/fenxiao/ThinkPHP/Library/Think/Db/Driver/Mysql.class.php 第 52 行.
SQL: SHOW COLUMNS FROM `qph_login` [ RunTime:0.000501s ]
ERR: 1146:Table 'distribution.qph_login' doesn't exist
 [ SQL语句 ] : SHOW COLUMNS FROM `qph_login`
INFO: [ app_end ] --START--
INFO: Run Behavior\ShowPageTrace [ RunTime:0.000382s ]
INFO: [ app_end ] --END-- [ RunTime:0.000420s ]

[ 2017-08-02T17:29:48+08:00 ] 223.71.245.118 /admin.php/Login/PostLogin
INFO: [ app_begin ] --START--
INFO: Run Behavior\ReadHtmlCache [ RunTime:0.000360s ]
INFO: [ app_begin ] --END-- [ RunTime:0.000662s ]
NOTIC: [8192] mysql_connect(): The mysql extension is deprecated and will be removed in the future: use mysqli or PDO instead /www_test/fenxiao/ThinkPHP/Library/Think/Db/Driver/Mysql.class.php 第 52 行.
SQL: SHOW COLUMNS FROM `qph_login` [ RunTime:0.000374s ]
ERR: 1146:Table 'distribution.qph_login' doesn't exist
 [ SQL语句 ] : SHOW COLUMNS FROM `qph_login`
SQL: SHOW COLUMNS FROM `qph_admin` [ RunTime:0.000469s ]
SQL: SELECT `uid`,`name`,`last_login_ip`,`group_id`,`state`,`pwd` FROM `qph_admin` WHERE ( `mobile` = '18911752873' ) AND ( `pwd` = '57c66e4b3a0ba2007e18f0231580f6d2' ) LIMIT 1   [ RunTime:0.000189s ]
INFO: [ app_end ] --START--
INFO: Run Behavior\ShowPageTrace [ RunTime:0.000396s ]
INFO: [ app_end ] --END-- [ RunTime:0.000438s ]

[ 2017-08-02T17:31:05+08:00 ] 223.71.245.118 /admin.php/Login/PostLogin
INFO: [ app_begin ] --START--
INFO: Run Behavior\ReadHtmlCache [ RunTime:0.000296s ]
INFO: [ app_begin ] --END-- [ RunTime:0.000544s ]
NOTIC: [8192] mysql_connect(): The mysql extension is deprecated and will be removed in the future: use mysqli or PDO instead /www_test/fenxiao/ThinkPHP/Library/Think/Db/Driver/Mysql.class.php 第 52 行.
SQL: SHOW COLUMNS FROM `qph_login` [ RunTime:0.000662s ]
ERR: 1146:Table 'distribution.qph_login' doesn't exist
 [ SQL语句 ] : SHOW COLUMNS FROM `qph_login`
SQL: SHOW COLUMNS FROM `qph_admin` [ RunTime:0.000616s ]
SQL: SELECT `uid`,`name`,`last_login_ip`,`group_id`,`state`,`pwd` FROM `qph_admin` WHERE ( `mobile` = '18911752873' ) AND ( `pwd` = '57c66e4b3a0ba2007e18f0231580f6d2' ) LIMIT 1   [ RunTime:0.000294s ]
INFO: [ app_end ] --START--
INFO: Run Behavior\ShowPageTrace [ RunTime:0.000448s ]
INFO: [ app_end ] --END-- [ RunTime:0.000490s ]

[ 2017-08-02T17:31:05+08:00 ] 223.71.245.118 /admin.php/Login/CheckLogin
INFO: [ app_begin ] --START--
INFO: Run Behavior\ReadHtmlCache [ RunTime:0.000316s ]
INFO: [ app_begin ] --END-- [ RunTime:0.000558s ]
NOTIC: [8192] mysql_connect(): The mysql extension is deprecated and will be removed in the future: use mysqli or PDO instead /www_test/fenxiao/ThinkPHP/Library/Think/Db/Driver/Mysql.class.php 第 52 行.
SQL: SHOW COLUMNS FROM `qph_login` [ RunTime:0.000462s ]
ERR: 1146:Table 'distribution.qph_login' doesn't exist
 [ SQL语句 ] : SHOW COLUMNS FROM `qph_login`
INFO: [ app_end ] --START--
INFO: Run Behavior\ShowPageTrace [ RunTime:0.000500s ]
INFO: [ app_end ] --END-- [ RunTime:0.000563s ]

[ 2017-08-02T17:31:28+08:00 ] 223.71.245.118 /admin.php/Login/PostLogin
INFO: [ app_begin ] --START--
INFO: Run Behavior\ReadHtmlCache [ RunTime:0.000291s ]
INFO: [ app_begin ] --END-- [ RunTime:0.000588s ]
NOTIC: [8192] mysql_connect(): The mysql extension is deprecated and will be removed in the future: use mysqli or PDO instead /www_test/fenxiao/ThinkPHP/Library/Think/Db/Driver/Mysql.class.php 第 52 行.
SQL: SHOW COLUMNS FROM `qph_login` [ RunTime:0.000470s ]
ERR: 1146:Table 'distribution.qph_login' doesn't exist
 [ SQL语句 ] : SHOW COLUMNS FROM `qph_login`
SQL: SHOW COLUMNS FROM `qph_admin` [ RunTime:0.000474s ]
SQL: SELECT `uid`,`name`,`last_login_ip`,`group_id`,`state`,`pwd` FROM `qph_admin` WHERE ( `mobile` = '18911752873' ) AND ( `pwd` = 'a8aaf3d50d2fc7a512308422aae91f16' ) LIMIT 1   [ RunTime:0.000252s ]
INFO: [ app_end ] --START--
INFO: Run Behavior\ShowPageTrace [ RunTime:0.000370s ]
INFO: [ app_end ] --END-- [ RunTime:0.000407s ]

[ 2017-08-02T17:34:42+08:00 ] 223.71.245.118 /admin.php/Login/PostLogin
INFO: [ app_begin ] --START--
INFO: Run Behavior\ReadHtmlCache [ RunTime:0.000290s ]
INFO: [ app_begin ] --END-- [ RunTime:0.000581s ]
NOTIC: [8192] mysql_connect(): The mysql extension is deprecated and will be removed in the future: use mysqli or PDO instead /www_test/fenxiao/ThinkPHP/Library/Think/Db/Driver/Mysql.class.php 第 52 行.
SQL: SHOW COLUMNS FROM `qph_login` [ RunTime:0.000455s ]
ERR: 1146:Table 'distribution.qph_login' doesn't exist
 [ SQL语句 ] : SHOW COLUMNS FROM `qph_login`
SQL: SHOW COLUMNS FROM `qph_admin` [ RunTime:0.000452s ]
SQL: SELECT `uid`,`name`,`last_login_ip`,`group_id`,`state`,`pwd` FROM `qph_admin` WHERE ( `mobile` = '18911728732' ) AND ( `pwd` = '19307f0898af4927735654f119bf9972' ) LIMIT 1   [ RunTime:0.000260s ]
INFO: [ app_end ] --START--
INFO: Run Behavior\ShowPageTrace [ RunTime:0.000368s ]
INFO: [ app_end ] --END-- [ RunTime:0.000406s ]

[ 2017-08-02T17:41:25+08:00 ] 223.71.245.118 /admin.php/Login/PostLogin
INFO: [ app_begin ] --START--
INFO: Run Behavior\ReadHtmlCache [ RunTime:0.000375s ]
INFO: [ app_begin ] --END-- [ RunTime:0.000653s ]
NOTIC: [8192] mysql_connect(): The mysql extension is deprecated and will be removed in the future: use mysqli or PDO instead /www_test/fenxiao/ThinkPHP/Library/Think/Db/Driver/Mysql.class.php 第 52 行.
SQL: SHOW COLUMNS FROM `qph_login` [ RunTime:0.000446s ]
ERR: 1146:Table 'distribution.qph_login' doesn't exist
 [ SQL语句 ] : SHOW COLUMNS FROM `qph_login`
SQL: SHOW COLUMNS FROM `qph_admin` [ RunTime:0.000419s ]
SQL: SELECT `uid`,`name`,`last_login_ip`,`group_id`,`state`,`pwd` FROM `qph_admin` WHERE ( `mobile` = '18911728732' ) AND ( `pwd` = '3000b447aeec6c1af6c5c029ac9b1f93' ) LIMIT 1   [ RunTime:0.000219s ]
INFO: [ app_end ] --START--
INFO: Run Behavior\ShowPageTrace [ RunTime:0.000345s ]
INFO: [ app_end ] --END-- [ RunTime:0.000380s ]

[ 2017-08-02T17:43:12+08:00 ] 223.71.245.118 /admin.php/Login/PostLogin
INFO: [ app_begin ] --START--
INFO: Run Behavior\ReadHtmlCache [ RunTime:0.000472s ]
INFO: [ app_begin ] --END-- [ RunTime:0.000848s ]
NOTIC: [8192] mysql_connect(): The mysql extension is deprecated and will be removed in the future: use mysqli or PDO instead /www_test/fenxiao/ThinkPHP/Library/Think/Db/Driver/Mysql.class.php 第 52 行.
SQL: SHOW COLUMNS FROM `qph_login` [ RunTime:0.000485s ]
ERR: 1146:Table 'distribution.qph_login' doesn't exist
 [ SQL语句 ] : SHOW COLUMNS FROM `qph_login`
SQL: SHOW COLUMNS FROM `qph_admin` [ RunTime:0.000493s ]
SQL: SELECT `uid`,`name`,`last_login_ip`,`group_id`,`state`,`pwd` FROM `qph_admin` WHERE ( `mobile` = '18911728732' ) AND ( `pwd` = '5854acf38caa01d136aa12e81164937e' ) LIMIT 1   [ RunTime:0.000242s ]
INFO: [ app_end ] --START--
INFO: Run Behavior\ShowPageTrace [ RunTime:0.000520s ]
INFO: [ app_end ] --END-- [ RunTime:0.000575s ]

[ 2017-08-02T17:44:41+08:00 ] 223.71.245.118 /admin.php/Login/PostLogin
INFO: [ app_begin ] --START--
INFO: Run Behavior\ReadHtmlCache [ RunTime:0.000404s ]
INFO: [ app_begin ] --END-- [ RunTime:0.000746s ]
NOTIC: [8192] mysql_connect(): The mysql extension is deprecated and will be removed in the future: use mysqli or PDO instead /www_test/fenxiao/ThinkPHP/Library/Think/Db/Driver/Mysql.class.php 第 52 行.
SQL: SHOW COLUMNS FROM `qph_login` [ RunTime:0.000455s ]
ERR: 1146:Table 'distribution.qph_login' doesn't exist
 [ SQL语句 ] : SHOW COLUMNS FROM `qph_login`
SQL: SHOW COLUMNS FROM `qph_admin` [ RunTime:0.000513s ]
SQL: SELECT `uid`,`name`,`last_login_ip`,`group_id`,`state`,`pwd` FROM `qph_admin` WHERE ( `mobile` = '18911728732' ) AND ( `pwd` = '70547a53f91984380e6f5d1fe1369a1f' ) LIMIT 1   [ RunTime:0.000290s ]
INFO: [ app_end ] --START--
INFO: Run Behavior\ShowPageTrace [ RunTime:0.000541s ]
INFO: [ app_end ] --END-- [ RunTime:0.000596s ]

[ 2017-08-02T17:56:24+08:00 ] 223.71.245.118 /admin.php/Login/PostLogin
INFO: [ app_begin ] --START--
INFO: Run Behavior\ReadHtmlCache [ RunTime:0.000286s ]
INFO: [ app_begin ] --END-- [ RunTime:0.000524s ]
NOTIC: [8192] mysql_connect(): The mysql extension is deprecated and will be removed in the future: use mysqli or PDO instead /www_test/fenxiao/ThinkPHP/Library/Think/Db/Driver/Mysql.class.php 第 52 行.
SQL: SHOW COLUMNS FROM `qph_login` [ RunTime:0.000434s ]
ERR: 1146:Table 'distribution.qph_login' doesn't exist
 [ SQL语句 ] : SHOW COLUMNS FROM `qph_login`
SQL: SHOW COLUMNS FROM `qph_admin` [ RunTime:0.000443s ]
SQL: SELECT `uid`,`name`,`last_login_ip`,`group_id`,`state`,`pwd` FROM `qph_admin` WHERE ( `mobile` = '18911728732' ) AND ( `pwd` = '4c3ff78876aab75764f3b573b1c5e98d' ) LIMIT 1   [ RunTime:0.000220s ]
INFO: [ app_end ] --START--
INFO: Run Behavior\ShowPageTrace [ RunTime:0.000446s ]
INFO: [ app_end ] --END-- [ RunTime:0.000483s ]

[ 2017-08-02T17:58:26+08:00 ] 223.71.245.118 /admin.php/Login/PostLogin
INFO: [ app_begin ] --START--
INFO: Run Behavior\ReadHtmlCache [ RunTime:0.000288s ]
INFO: [ app_begin ] --END-- [ RunTime:0.000515s ]
NOTIC: [8192] mysql_connect(): The mysql extension is deprecated and will be removed in the future: use mysqli or PDO instead /www_test/fenxiao/ThinkPHP/Library/Think/Db/Driver/Mysql.class.php 第 52 行.
SQL: SHOW COLUMNS FROM `qph_login` [ RunTime:0.000433s ]
ERR: 1146:Table 'distribution.qph_login' doesn't exist
 [ SQL语句 ] : SHOW COLUMNS FROM `qph_login`
SQL: SHOW COLUMNS FROM `qph_admin` [ RunTime:0.000426s ]
SQL: SELECT `uid`,`name`,`last_login_ip`,`group_id`,`state`,`pwd` FROM `qph_admin` WHERE ( `mobile` = '18911728732' ) AND ( `pwd` = 'ecef6b2fdb513b74f3b8e70ca30e718a' ) LIMIT 1   [ RunTime:0.000218s ]
INFO: [ app_end ] --START--
INFO: Run Behavior\ShowPageTrace [ RunTime:0.000388s ]
INFO: [ app_end ] --END-- [ RunTime:0.000424s ]

[ 2017-08-02T18:01:46+08:00 ] 223.71.245.118 /admin.php/Login/PostLogin
INFO: [ app_begin ] --START--
INFO: Run Behavior\ReadHtmlCache [ RunTime:0.000315s ]
INFO: [ app_begin ] --END-- [ RunTime:0.000560s ]
NOTIC: [8192] mysql_connect(): The mysql extension is deprecated and will be removed in the future: use mysqli or PDO instead /www_test/fenxiao/ThinkPHP/Library/Think/Db/Driver/Mysql.class.php 第 52 行.
SQL: SHOW COLUMNS FROM `qph_login` [ RunTime:0.000506s ]
ERR: 1146:Table 'distribution.qph_login' doesn't exist
 [ SQL语句 ] : SHOW COLUMNS FROM `qph_login`
SQL: SHOW COLUMNS FROM `qph_admin` [ RunTime:0.000462s ]
SQL: SELECT `uid`,`name`,`last_login_ip`,`group_id`,`state`,`pwd` FROM `qph_admin` WHERE ( `mobile` = '18911728732' ) AND ( `pwd` = '3563e5817e7ef3f8e11cc48d06b62af7' ) LIMIT 1   [ RunTime:0.000281s ]
INFO: [ app_end ] --START--
INFO: Run Behavior\ShowPageTrace [ RunTime:0.000425s ]
INFO: [ app_end ] --END-- [ RunTime:0.000473s ]

[ 2017-08-02T18:06:02+08:00 ] 223.71.245.118 /admin.php/Login/PostLogin
INFO: [ app_begin ] --START--
INFO: Run Behavior\ReadHtmlCache [ RunTime:0.000303s ]
INFO: [ app_begin ] --END-- [ RunTime:0.000559s ]
NOTIC: [8192] mysql_connect(): The mysql extension is deprecated and will be removed in the future: use mysqli or PDO instead /www_test/fenxiao/ThinkPHP/Library/Think/Db/Driver/Mysql.class.php 第 52 行.
SQL: SHOW COLUMNS FROM `qph_login` [ RunTime:0.000453s ]
ERR: 1146:Table 'distribution.qph_login' doesn't exist
 [ SQL语句 ] : SHOW COLUMNS FROM `qph_login`
SQL: SHOW COLUMNS FROM `qph_admin` [ RunTime:0.000443s ]
SQL: SELECT `uid`,`name`,`last_login_ip`,`group_id`,`state`,`pwd` FROM `qph_admin` WHERE ( `mobile` = '18911728732' ) AND ( `pwd` = '3563e5817e7ef3f8e11cc48d06b62af7' ) LIMIT 1   [ RunTime:0.000250s ]
INFO: [ app_end ] --START--
INFO: Run Behavior\ShowPageTrace [ RunTime:0.000411s ]
INFO: [ app_end ] --END-- [ RunTime:0.000458s ]

[ 2017-08-02T18:06:02+08:00 ] 223.71.245.118 /admin.php/Login/CheckLogin
INFO: [ app_begin ] --START--
INFO: Run Behavior\ReadHtmlCache [ RunTime:0.000283s ]
INFO: [ app_begin ] --END-- [ RunTime:0.000526s ]
NOTIC: [8192] mysql_connect(): The mysql extension is deprecated and will be removed in the future: use mysqli or PDO instead /www_test/fenxiao/ThinkPHP/Library/Think/Db/Driver/Mysql.class.php 第 52 行.
SQL: SHOW COLUMNS FROM `qph_login` [ RunTime:0.000498s ]
ERR: 1146:Table 'distribution.qph_login' doesn't exist
 [ SQL语句 ] : SHOW COLUMNS FROM `qph_login`
INFO: [ app_end ] --START--
INFO: Run Behavior\ShowPageTrace [ RunTime:0.000420s ]
INFO: [ app_end ] --END-- [ RunTime:0.000458s ]

[ 2017-08-02T18:06:20+08:00 ] 223.71.245.118 /admin.php/Login/PostLogin
INFO: [ app_begin ] --START--
INFO: Run Behavior\ReadHtmlCache [ RunTime:0.000285s ]
INFO: [ app_begin ] --END-- [ RunTime:0.000527s ]
NOTIC: [8192] mysql_connect(): The mysql extension is deprecated and will be removed in the future: use mysqli or PDO instead /www_test/fenxiao/ThinkPHP/Library/Think/Db/Driver/Mysql.class.php 第 52 行.
SQL: SHOW COLUMNS FROM `qph_login` [ RunTime:0.000434s ]
ERR: 1146:Table 'distribution.qph_login' doesn't exist
 [ SQL语句 ] : SHOW COLUMNS FROM `qph_login`
SQL: SHOW COLUMNS FROM `qph_admin` [ RunTime:0.000422s ]
SQL: SELECT `uid`,`name`,`last_login_ip`,`group_id`,`state`,`pwd` FROM `qph_admin` WHERE ( `mobile` = '18911728732' ) AND ( `pwd` = '3563e5817e7ef3f8e11cc48d06b62af7' ) LIMIT 1   [ RunTime:0.000218s ]
INFO: [ app_end ] --START--
INFO: Run Behavior\ShowPageTrace [ RunTime:0.000374s ]
INFO: [ app_end ] --END-- [ RunTime:0.000411s ]

[ 2017-08-02T18:06:20+08:00 ] 223.71.245.118 /admin.php/Login/CheckLogin
INFO: [ app_begin ] --START--
INFO: Run Behavior\ReadHtmlCache [ RunTime:0.000284s ]
INFO: [ app_begin ] --END-- [ RunTime:0.000519s ]
NOTIC: [8192] mysql_connect(): The mysql extension is deprecated and will be removed in the future: use mysqli or PDO instead /www_test/fenxiao/ThinkPHP/Library/Think/Db/Driver/Mysql.class.php 第 52 行.
SQL: SHOW COLUMNS FROM `qph_login` [ RunTime:0.000463s ]
ERR: 1146:Table 'distribution.qph_login' doesn't exist
 [ SQL语句 ] : SHOW COLUMNS FROM `qph_login`
INFO: [ app_end ] --START--
INFO: Run Behavior\ShowPageTrace [ RunTime:0.000365s ]
INFO: [ app_end ] --END-- [ RunTime:0.000402s ]

[ 2017-08-02T18:06:37+08:00 ] 223.71.245.118 /admin.php/Login/PostLogin
INFO: [ app_begin ] --START--
INFO: Run Behavior\ReadHtmlCache [ RunTime:0.000283s ]
INFO: [ app_begin ] --END-- [ RunTime:0.000530s ]
NOTIC: [8192] mysql_connect(): The mysql extension is deprecated and will be removed in the future: use mysqli or PDO instead /www_test/fenxiao/ThinkPHP/Library/Think/Db/Driver/Mysql.class.php 第 52 行.
SQL: SHOW COLUMNS FROM `qph_login` [ RunTime:0.000492s ]
ERR: 1146:Table 'distribution.qph_login' doesn't exist
 [ SQL语句 ] : SHOW COLUMNS FROM `qph_login`
SQL: SHOW COLUMNS FROM `qph_admin` [ RunTime:0.000463s ]
SQL: SELECT `uid`,`name`,`last_login_ip`,`group_id`,`state`,`pwd` FROM `qph_admin` WHERE ( `mobile` = '18911728732' ) AND ( `pwd` = '303dd1eeddb221f377b76b33a281f022' ) LIMIT 1   [ RunTime:0.000254s ]
INFO: [ app_end ] --START--
INFO: Run Behavior\ShowPageTrace [ RunTime:0.000337s ]
INFO: [ app_end ] --END-- [ RunTime:0.000404s ]

[ 2017-08-02T18:08:30+08:00 ] 223.71.245.118 /admin.php/Login/PostLogin
INFO: [ app_begin ] --START--
INFO: Run Behavior\ReadHtmlCache [ RunTime:0.000286s ]
INFO: [ app_begin ] --END-- [ RunTime:0.000524s ]
NOTIC: [8192] mysql_connect(): The mysql extension is deprecated and will be removed in the future: use mysqli or PDO instead /www_test/fenxiao/ThinkPHP/Library/Think/Db/Driver/Mysql.class.php 第 52 行.
SQL: SHOW COLUMNS FROM `qph_login` [ RunTime:0.000498s ]
ERR: 1146:Table 'distribution.qph_login' doesn't exist
 [ SQL语句 ] : SHOW COLUMNS FROM `qph_login`
SQL: SHOW COLUMNS FROM `qph_admin` [ RunTime:0.000473s ]
SQL: SELECT `uid`,`name`,`last_login_ip`,`group_id`,`state`,`pwd` FROM `qph_admin` WHERE ( `mobile` = '18911728732' ) AND ( `pwd` = '6ba7d50e010962dd6f8d24662675b61a' ) LIMIT 1   [ RunTime:0.000300s ]
INFO: [ app_end ] --START--
INFO: Run Behavior\ShowPageTrace [ RunTime:0.000383s ]
INFO: [ app_end ] --END-- [ RunTime:0.000432s ]

[ 2017-08-02T18:10:20+08:00 ] 223.71.245.118 /admin.php/Login/PostLogin
INFO: [ app_begin ] --START--
INFO: Run Behavior\ReadHtmlCache [ RunTime:0.000307s ]
INFO: [ app_begin ] --END-- [ RunTime:0.000529s ]
NOTIC: [8192] mysql_connect(): The mysql extension is deprecated and will be removed in the future: use mysqli or PDO instead /www_test/fenxiao/ThinkPHP/Library/Think/Db/Driver/Mysql.class.php 第 52 行.
SQL: SHOW COLUMNS FROM `qph_login` [ RunTime:0.000437s ]
ERR: 1146:Table 'distribution.qph_login' doesn't exist
 [ SQL语句 ] : SHOW COLUMNS FROM `qph_login`
SQL: SHOW COLUMNS FROM `qph_admin` [ RunTime:0.000454s ]
SQL: SELECT `uid`,`name`,`last_login_ip`,`group_id`,`state`,`pwd` FROM `qph_admin` WHERE ( `mobile` = '18911728732' ) AND ( `pwd` = '9395797b83253e860f8b5173ac2c665f' ) LIMIT 1   [ RunTime:0.000232s ]
INFO: [ app_end ] --START--
INFO: Run Behavior\ShowPageTrace [ RunTime:0.000364s ]
INFO: [ app_end ] --END-- [ RunTime:0.000401s ]

[ 2017-08-02T18:24:53+08:00 ] 223.71.245.118 /admin.php/Login/PostLogin
INFO: [ app_begin ] --START--
INFO: Run Behavior\ReadHtmlCache [ RunTime:0.000324s ]
INFO: [ app_begin ] --END-- [ RunTime:0.000615s ]
NOTIC: [8192] mysql_connect(): The mysql extension is deprecated and will be removed in the future: use mysqli or PDO instead /www_test/fenxiao/ThinkPHP/Library/Think/Db/Driver/Mysql.class.php 第 52 行.
SQL: SHOW COLUMNS FROM `qph_login` [ RunTime:0.000448s ]
ERR: 1146:Table 'distribution.qph_login' doesn't exist
 [ SQL语句 ] : SHOW COLUMNS FROM `qph_login`
SQL: SHOW COLUMNS FROM `qph_admin` [ RunTime:0.000457s ]
SQL: SELECT `uid`,`name`,`last_login_ip`,`group_id`,`state`,`pwd` FROM `qph_admin` WHERE ( `mobile` = '18911728732' ) AND ( `pwd` = '3a6cd09e569afc2b0d4100d37cfd4f77' ) LIMIT 1   [ RunTime:0.000224s ]
INFO: [ app_end ] --START--
INFO: Run Behavior\ShowPageTrace [ RunTime:0.000422s ]
INFO: [ app_end ] --END-- [ RunTime:0.000459s ]

