[ 2017-08-21T09:00:55+08:00 ] 223.71.245.118 /admin.php/Member/GroupAddHtml
INFO: [ app_begin ] --START--
INFO: Run Behavior\ReadHtmlCache [ RunTime:0.000298s ]
INFO: [ app_begin ] --END-- [ RunTime:0.000582s ]

[ 2017-08-21T09:00:55+08:00 ] 223.71.245.118 /admin.php/Login/Login.html
INFO: [ app_begin ] --START--
INFO: Run Behavior\ReadHtmlCache [ RunTime:0.000288s ]
INFO: [ app_begin ] --END-- [ RunTime:0.000510s ]
INFO: [ view_parse ] --START--
INFO: [ template_filter ] --START--
INFO: Run Behavior\ContentReplace [ RunTime:0.000029s ]
INFO: [ template_filter ] --END-- [ RunTime:0.000070s ]
INFO: Run Behavior\ParseTemplate [ RunTime:0.005151s ]
INFO: [ view_parse ] --END-- [ RunTime:0.005193s ]
INFO: [ view_filter ] --START--
INFO: Run Behavior\WriteHtmlCache [ RunTime:0.000258s ]
INFO: [ view_filter ] --END-- [ RunTime:0.000289s ]
INFO: [ app_end ] --START--
INFO: Run Behavior\ShowPageTrace [ RunTime:0.000537s ]
INFO: [ app_end ] --END-- [ RunTime:0.000572s ]

[ 2017-08-21T09:00:55+08:00 ] 223.71.245.118 /admin.php/Member/GroupAddHtml
INFO: [ app_begin ] --START--
INFO: Run Behavior\ReadHtmlCache [ RunTime:0.000288s ]
INFO: [ app_begin ] --END-- [ RunTime:0.000515s ]

[ 2017-08-21T09:00:55+08:00 ] 223.71.245.118 /admin.php/Login/Login.html
INFO: [ app_begin ] --START--
INFO: Run Behavior\ReadHtmlCache [ RunTime:0.000296s ]
INFO: [ app_begin ] --END-- [ RunTime:0.000532s ]
INFO: [ view_parse ] --START--
INFO: [ template_filter ] --START--
INFO: Run Behavior\ContentReplace [ RunTime:0.000029s ]
INFO: [ template_filter ] --END-- [ RunTime:0.000070s ]
INFO: Run Behavior\ParseTemplate [ RunTime:0.003685s ]
INFO: [ view_parse ] --END-- [ RunTime:0.003725s ]
INFO: [ view_filter ] --START--
INFO: Run Behavior\WriteHtmlCache [ RunTime:0.000101s ]
INFO: [ view_filter ] --END-- [ RunTime:0.000131s ]
INFO: [ app_end ] --START--
INFO: Run Behavior\ShowPageTrace [ RunTime:0.000352s ]
INFO: [ app_end ] --END-- [ RunTime:0.000385s ]

[ 2017-08-21T09:08:05+08:00 ] 223.71.245.118 /admin.php/Login/PostLogin
INFO: [ app_begin ] --START--
INFO: Run Behavior\ReadHtmlCache [ RunTime:0.000353s ]
INFO: [ app_begin ] --END-- [ RunTime:0.000721s ]
NOTIC: [8192] mysql_connect(): The mysql extension is deprecated and will be removed in the future: use mysqli or PDO instead /www_test/fenxiao/ThinkPHP/Library/Think/Db/Driver/Mysql.class.php 第 52 行.
SQL: SHOW COLUMNS FROM `qph_login` [ RunTime:0.001082s ]
ERR: 1146:Table 'distribution.qph_login' doesn't exist
 [ SQL语句 ] : SHOW COLUMNS FROM `qph_login`
SQL: SHOW COLUMNS FROM `qph_admin` [ RunTime:0.000443s ]
SQL: SELECT `uid`,`name`,`last_login_ip`,`group_id`,`state`,`pwd` FROM `qph_admin` WHERE ( `mobile` = '18911728732' ) AND ( `pwd` = 'e10adc3949ba59abbe56e057f20f883e' ) LIMIT 1   [ RunTime:0.000241s ]
SQL: SHOW COLUMNS FROM `qph_navigation` [ RunTime:0.000390s ]
SQL: SELECT `id`,`url` FROM `qph_navigation` WHERE ( `state` = 1 ) AND ( `url` <> '' )  [ RunTime:0.000202s ]
SQL: UPDATE `qph_admin` SET `last_login_time`=1503277685 WHERE ( `mobile` = '18911728732' ) AND ( `pwd` = 'e10adc3949ba59abbe56e057f20f883e' ) [ RunTime:0.003647s ]
INFO: [ app_end ] --START--
INFO: Run Behavior\ShowPageTrace [ RunTime:0.000363s ]
INFO: [ app_end ] --END-- [ RunTime:0.000404s ]

[ 2017-08-21T09:08:05+08:00 ] 223.71.245.118 /admin.php/index/index.html
INFO: [ app_begin ] --START--
INFO: Run Behavior\ReadHtmlCache [ RunTime:0.000319s ]
INFO: [ app_begin ] --END-- [ RunTime:0.000591s ]
INFO: [ view_parse ] --START--
INFO: [ template_filter ] --START--
INFO: Run Behavior\ContentReplace [ RunTime:0.000048s ]
INFO: [ template_filter ] --END-- [ RunTime:0.000091s ]
INFO: Run Behavior\ParseTemplate [ RunTime:0.007285s ]
INFO: [ view_parse ] --END-- [ RunTime:0.007328s ]
INFO: [ view_filter ] --START--
INFO: Run Behavior\WriteHtmlCache [ RunTime:0.000094s ]
INFO: [ view_filter ] --END-- [ RunTime:0.000122s ]
INFO: [ app_end ] --START--
INFO: Run Behavior\ShowPageTrace [ RunTime:0.000324s ]
INFO: [ app_end ] --END-- [ RunTime:0.000357s ]

[ 2017-08-21T09:08:06+08:00 ] 223.71.245.118 /admin.php/Login/Naviga
INFO: [ app_begin ] --START--
INFO: Run Behavior\ReadHtmlCache [ RunTime:0.000298s ]
INFO: [ app_begin ] --END-- [ RunTime:0.000538s ]
NOTIC: [8192] mysql_connect(): The mysql extension is deprecated and will be removed in the future: use mysqli or PDO instead /www_test/fenxiao/ThinkPHP/Library/Think/Db/Driver/Mysql.class.php 第 52 行.
SQL: SHOW COLUMNS FROM `qph_login` [ RunTime:0.000497s ]
ERR: 1146:Table 'distribution.qph_login' doesn't exist
 [ SQL语句 ] : SHOW COLUMNS FROM `qph_login`
SQL: SHOW COLUMNS FROM `qph_navigation` [ RunTime:0.000404s ]
SQL: SELECT `id`,`url`,`name`,`fid` FROM `qph_navigation` WHERE ( `state` = 1 ) AND ( `type` = 1 ) ORDER BY sort asc  [ RunTime:0.000284s ]
INFO: [ app_end ] --START--
INFO: Run Behavior\ShowPageTrace [ RunTime:0.000385s ]
INFO: [ app_end ] --END-- [ RunTime:0.000426s ]

[ 2017-08-21T09:08:33+08:00 ] 223.71.245.118 /admin.php/Members/MembershipLevel
INFO: [ app_begin ] --START--
INFO: Run Behavior\ReadHtmlCache [ RunTime:0.000300s ]
INFO: [ app_begin ] --END-- [ RunTime:0.000549s ]
INFO: [ view_parse ] --START--
INFO: [ template_filter ] --START--
INFO: Run Behavior\ContentReplace [ RunTime:0.000037s ]
INFO: [ template_filter ] --END-- [ RunTime:0.000084s ]
INFO: Run Behavior\ParseTemplate [ RunTime:0.041582s ]
INFO: [ view_parse ] --END-- [ RunTime:0.041681s ]
INFO: [ view_filter ] --START--
INFO: Run Behavior\WriteHtmlCache [ RunTime:0.000142s ]
INFO: [ view_filter ] --END-- [ RunTime:0.000181s ]
INFO: [ app_end ] --START--
INFO: Run Behavior\ShowPageTrace [ RunTime:0.000407s ]
INFO: [ app_end ] --END-- [ RunTime:0.000466s ]

[ 2017-08-21T09:08:33+08:00 ] 223.71.245.118 /admin.php/Login/Naviga
INFO: [ app_begin ] --START--
INFO: Run Behavior\ReadHtmlCache [ RunTime:0.000310s ]
INFO: [ app_begin ] --END-- [ RunTime:0.000534s ]
NOTIC: [8192] mysql_connect(): The mysql extension is deprecated and will be removed in the future: use mysqli or PDO instead /www_test/fenxiao/ThinkPHP/Library/Think/Db/Driver/Mysql.class.php 第 52 行.
SQL: SHOW COLUMNS FROM `qph_login` [ RunTime:0.000493s ]
ERR: 1146:Table 'distribution.qph_login' doesn't exist
 [ SQL语句 ] : SHOW COLUMNS FROM `qph_login`
SQL: SHOW COLUMNS FROM `qph_navigation` [ RunTime:0.000441s ]
SQL: SELECT `id`,`url`,`name`,`fid` FROM `qph_navigation` WHERE ( `state` = 1 ) AND ( `type` = 1 ) ORDER BY sort asc  [ RunTime:0.000393s ]
INFO: [ app_end ] --START--
INFO: Run Behavior\ShowPageTrace [ RunTime:0.000434s ]
INFO: [ app_end ] --END-- [ RunTime:0.000475s ]

[ 2017-08-21T09:08:43+08:00 ] 117.185.27.113 /admin.php/Members/MembershipLevel
INFO: [ app_begin ] --START--
INFO: Run Behavior\ReadHtmlCache [ RunTime:0.000473s ]
INFO: [ app_begin ] --END-- [ RunTime:0.000856s ]

[ 2017-08-21T09:08:44+08:00 ] 117.185.27.113 /admin.php/Login/Login.html
INFO: [ app_begin ] --START--
INFO: Run Behavior\ReadHtmlCache [ RunTime:0.000314s ]
INFO: [ app_begin ] --END-- [ RunTime:0.000540s ]
INFO: [ view_parse ] --START--
INFO: [ template_filter ] --START--
INFO: Run Behavior\ContentReplace [ RunTime:0.000028s ]
INFO: [ template_filter ] --END-- [ RunTime:0.000066s ]
INFO: Run Behavior\ParseTemplate [ RunTime:0.003478s ]
INFO: [ view_parse ] --END-- [ RunTime:0.003515s ]
INFO: [ view_filter ] --START--
INFO: Run Behavior\WriteHtmlCache [ RunTime:0.000080s ]
INFO: [ view_filter ] --END-- [ RunTime:0.000107s ]
INFO: [ app_end ] --START--
INFO: Run Behavior\ShowPageTrace [ RunTime:0.000340s ]
INFO: [ app_end ] --END-- [ RunTime:0.000372s ]

[ 2017-08-21T09:40:36+08:00 ] 223.71.245.118 /admin.php
INFO: [ app_begin ] --START--
INFO: Run Behavior\ReadHtmlCache [ RunTime:0.000463s ]
INFO: [ app_begin ] --END-- [ RunTime:0.000847s ]

[ 2017-08-21T09:40:36+08:00 ] 223.71.245.118 /admin.php/Login/Login.html
INFO: [ app_begin ] --START--
INFO: Run Behavior\ReadHtmlCache [ RunTime:0.000290s ]
INFO: [ app_begin ] --END-- [ RunTime:0.000526s ]
INFO: [ view_parse ] --START--
INFO: [ template_filter ] --START--
INFO: Run Behavior\ContentReplace [ RunTime:0.000057s ]
INFO: [ template_filter ] --END-- [ RunTime:0.000108s ]
INFO: Run Behavior\ParseTemplate [ RunTime:0.004124s ]
INFO: [ view_parse ] --END-- [ RunTime:0.004161s ]
INFO: [ view_filter ] --START--
INFO: Run Behavior\WriteHtmlCache [ RunTime:0.000081s ]
INFO: [ view_filter ] --END-- [ RunTime:0.000117s ]
INFO: [ app_end ] --START--
INFO: Run Behavior\ShowPageTrace [ RunTime:0.000316s ]
INFO: [ app_end ] --END-- [ RunTime:0.000347s ]

[ 2017-08-21T09:40:43+08:00 ] 223.71.245.118 /admin.php/Login/PostLogin
INFO: [ app_begin ] --START--
INFO: Run Behavior\ReadHtmlCache [ RunTime:0.000287s ]
INFO: [ app_begin ] --END-- [ RunTime:0.000520s ]
NOTIC: [8192] mysql_connect(): The mysql extension is deprecated and will be removed in the future: use mysqli or PDO instead /www_test/fenxiao/ThinkPHP/Library/Think/Db/Driver/Mysql.class.php 第 52 行.
SQL: SHOW COLUMNS FROM `qph_login` [ RunTime:0.000502s ]
ERR: 1146:Table 'distribution.qph_login' doesn't exist
 [ SQL语句 ] : SHOW COLUMNS FROM `qph_login`
SQL: SHOW COLUMNS FROM `qph_admin` [ RunTime:0.000487s ]
SQL: SELECT `uid`,`name`,`last_login_ip`,`group_id`,`state`,`pwd` FROM `qph_admin` WHERE ( `mobile` = '15010221225' ) AND ( `pwd` = 'e10adc3949ba59abbe56e057f20f883e' ) LIMIT 1   [ RunTime:0.000258s ]
SQL: SHOW COLUMNS FROM `qph_navigation` [ RunTime:0.000436s ]
SQL: SELECT `id`,`url` FROM `qph_navigation` WHERE ( `state` = 1 ) AND ( `url` <> '' )  [ RunTime:0.000241s ]
SQL: UPDATE `qph_admin` SET `last_login_time`=1503279643 WHERE ( `mobile` = '15010221225' ) AND ( `pwd` = 'e10adc3949ba59abbe56e057f20f883e' ) [ RunTime:0.003352s ]
INFO: [ app_end ] --START--
INFO: Run Behavior\ShowPageTrace [ RunTime:0.000396s ]
INFO: [ app_end ] --END-- [ RunTime:0.000447s ]

[ 2017-08-21T09:40:43+08:00 ] 223.71.245.118 /admin.php/index/index.html
INFO: [ app_begin ] --START--
INFO: Run Behavior\ReadHtmlCache [ RunTime:0.000311s ]
INFO: [ app_begin ] --END-- [ RunTime:0.000559s ]
INFO: [ view_parse ] --START--
INFO: [ template_filter ] --START--
INFO: Run Behavior\ContentReplace [ RunTime:0.000045s ]
INFO: [ template_filter ] --END-- [ RunTime:0.000090s ]
INFO: Run Behavior\ParseTemplate [ RunTime:0.006360s ]
INFO: [ view_parse ] --END-- [ RunTime:0.006399s ]
INFO: [ view_filter ] --START--
INFO: Run Behavior\WriteHtmlCache [ RunTime:0.000087s ]
INFO: [ view_filter ] --END-- [ RunTime:0.000116s ]
INFO: [ app_end ] --START--
INFO: Run Behavior\ShowPageTrace [ RunTime:0.000311s ]
INFO: [ app_end ] --END-- [ RunTime:0.000348s ]

[ 2017-08-21T09:40:43+08:00 ] 223.71.245.118 /admin.php/Login/Naviga
INFO: [ app_begin ] --START--
INFO: Run Behavior\ReadHtmlCache [ RunTime:0.000301s ]
INFO: [ app_begin ] --END-- [ RunTime:0.000538s ]
NOTIC: [8192] mysql_connect(): The mysql extension is deprecated and will be removed in the future: use mysqli or PDO instead /www_test/fenxiao/ThinkPHP/Library/Think/Db/Driver/Mysql.class.php 第 52 行.
SQL: SHOW COLUMNS FROM `qph_login` [ RunTime:0.000494s ]
ERR: 1146:Table 'distribution.qph_login' doesn't exist
 [ SQL语句 ] : SHOW COLUMNS FROM `qph_login`
SQL: SHOW COLUMNS FROM `qph_navigation` [ RunTime:0.000457s ]
SQL: SELECT `id`,`url`,`name`,`fid` FROM `qph_navigation` WHERE ( `state` = 1 ) AND ( `type` = 1 ) ORDER BY sort asc  [ RunTime:0.000318s ]
INFO: [ app_end ] --START--
INFO: Run Behavior\ShowPageTrace [ RunTime:0.000449s ]
INFO: [ app_end ] --END-- [ RunTime:0.000507s ]

[ 2017-08-21T09:40:53+08:00 ] 101.226.66.192 /admin.php/index/index.html
INFO: [ app_begin ] --START--
INFO: Run Behavior\ReadHtmlCache [ RunTime:0.000297s ]
INFO: [ app_begin ] --END-- [ RunTime:0.000522s ]

[ 2017-08-21T09:40:53+08:00 ] 101.226.66.192 /admin.php/Login/Login.html
INFO: [ app_begin ] --START--
INFO: Run Behavior\ReadHtmlCache [ RunTime:0.000306s ]
INFO: [ app_begin ] --END-- [ RunTime:0.000565s ]
INFO: [ view_parse ] --START--
INFO: [ template_filter ] --START--
INFO: Run Behavior\ContentReplace [ RunTime:0.000028s ]
INFO: [ template_filter ] --END-- [ RunTime:0.000068s ]
INFO: Run Behavior\ParseTemplate [ RunTime:0.003702s ]
INFO: [ view_parse ] --END-- [ RunTime:0.003741s ]
INFO: [ view_filter ] --START--
INFO: Run Behavior\WriteHtmlCache [ RunTime:0.000096s ]
INFO: [ view_filter ] --END-- [ RunTime:0.000124s ]
INFO: [ app_end ] --START--
INFO: Run Behavior\ShowPageTrace [ RunTime:0.000356s ]
INFO: [ app_end ] --END-- [ RunTime:0.000390s ]

[ 2017-08-21T09:43:41+08:00 ] 223.71.245.118 /admin.php/Members/MembershipLevel
INFO: [ app_begin ] --START--
INFO: Run Behavior\ReadHtmlCache [ RunTime:0.000338s ]
INFO: [ app_begin ] --END-- [ RunTime:0.000584s ]
INFO: [ view_parse ] --START--
INFO: [ template_filter ] --START--
INFO: Run Behavior\ContentReplace [ RunTime:0.000031s ]
INFO: [ template_filter ] --END-- [ RunTime:0.000070s ]
INFO: Run Behavior\ParseTemplate [ RunTime:0.004262s ]
INFO: [ view_parse ] --END-- [ RunTime:0.004313s ]
INFO: [ view_filter ] --START--
INFO: Run Behavior\WriteHtmlCache [ RunTime:0.000085s ]
INFO: [ view_filter ] --END-- [ RunTime:0.000114s ]
INFO: [ app_end ] --START--
INFO: Run Behavior\ShowPageTrace [ RunTime:0.000319s ]
INFO: [ app_end ] --END-- [ RunTime:0.000351s ]

[ 2017-08-21T09:43:41+08:00 ] 223.71.245.118 /admin.php/Login/Naviga
INFO: [ app_begin ] --START--
INFO: Run Behavior\ReadHtmlCache [ RunTime:0.000318s ]
INFO: [ app_begin ] --END-- [ RunTime:0.000600s ]
NOTIC: [8192] mysql_connect(): The mysql extension is deprecated and will be removed in the future: use mysqli or PDO instead /www_test/fenxiao/ThinkPHP/Library/Think/Db/Driver/Mysql.class.php 第 52 行.
SQL: SHOW COLUMNS FROM `qph_login` [ RunTime:0.000467s ]
ERR: 1146:Table 'distribution.qph_login' doesn't exist
 [ SQL语句 ] : SHOW COLUMNS FROM `qph_login`
SQL: SHOW COLUMNS FROM `qph_navigation` [ RunTime:0.000445s ]
SQL: SELECT `id`,`url`,`name`,`fid` FROM `qph_navigation` WHERE ( `state` = 1 ) AND ( `type` = 1 ) ORDER BY sort asc  [ RunTime:0.000316s ]
INFO: [ app_end ] --START--
INFO: Run Behavior\ShowPageTrace [ RunTime:0.000420s ]
INFO: [ app_end ] --END-- [ RunTime:0.000466s ]

[ 2017-08-21T09:43:52+08:00 ] 223.71.245.118 /admin.php/Mgroup/lists
INFO: [ app_begin ] --START--
INFO: Run Behavior\ReadHtmlCache [ RunTime:0.000293s ]
INFO: [ app_begin ] --END-- [ RunTime:0.000528s ]
NOTIC: [8192] mysql_connect(): The mysql extension is deprecated and will be removed in the future: use mysqli or PDO instead /www_test/fenxiao/ThinkPHP/Library/Think/Db/Driver/Mysql.class.php 第 52 行.
SQL: SELECT b.id, b.title, IFNULL(a.cn,0) AS cn FROM qph_mgroup b LEFT JOIN (SELECT COUNT(1) cn,t.m_group_id FROM qph_members  t GROUP BY t.m_group_id) a on a.m_group_id = b.id  WHERE  b.status != 2   ORDER BY b.id DESC [ RunTime:0.027217s ]
INFO: [ view_parse ] --START--
INFO: [ template_filter ] --START--
INFO: Run Behavior\ContentReplace [ RunTime:0.000042s ]
INFO: [ template_filter ] --END-- [ RunTime:0.000088s ]
INFO: Run Behavior\ParseTemplate [ RunTime:0.005862s ]
INFO: [ view_parse ] --END-- [ RunTime:0.005914s ]
INFO: [ view_filter ] --START--
INFO: Run Behavior\WriteHtmlCache [ RunTime:0.000102s ]
INFO: [ view_filter ] --END-- [ RunTime:0.000132s ]
INFO: [ app_end ] --START--
INFO: Run Behavior\ShowPageTrace [ RunTime:0.000343s ]
INFO: [ app_end ] --END-- [ RunTime:0.000377s ]

[ 2017-08-21T09:43:53+08:00 ] 223.71.245.118 /admin.php/Login/Naviga
INFO: [ app_begin ] --START--
INFO: Run Behavior\ReadHtmlCache [ RunTime:0.000329s ]
INFO: [ app_begin ] --END-- [ RunTime:0.000567s ]
NOTIC: [8192] mysql_connect(): The mysql extension is deprecated and will be removed in the future: use mysqli or PDO instead /www_test/fenxiao/ThinkPHP/Library/Think/Db/Driver/Mysql.class.php 第 52 行.
SQL: SHOW COLUMNS FROM `qph_login` [ RunTime:0.000484s ]
ERR: 1146:Table 'distribution.qph_login' doesn't exist
 [ SQL语句 ] : SHOW COLUMNS FROM `qph_login`
SQL: SHOW COLUMNS FROM `qph_navigation` [ RunTime:0.000493s ]
SQL: SELECT `id`,`url`,`name`,`fid` FROM `qph_navigation` WHERE ( `state` = 1 ) AND ( `type` = 1 ) ORDER BY sort asc  [ RunTime:0.000303s ]
INFO: [ app_end ] --START--
INFO: Run Behavior\ShowPageTrace [ RunTime:0.000354s ]
INFO: [ app_end ] --END-- [ RunTime:0.000398s ]

[ 2017-08-21T09:44:02+08:00 ] 101.226.33.228 /admin.php/Mgroup/lists
INFO: [ app_begin ] --START--
INFO: Run Behavior\ReadHtmlCache [ RunTime:0.000353s ]
INFO: [ app_begin ] --END-- [ RunTime:0.000621s ]

[ 2017-08-21T09:44:02+08:00 ] 101.226.33.228 /admin.php/Login/Login.html
INFO: [ app_begin ] --START--
INFO: Run Behavior\ReadHtmlCache [ RunTime:0.000315s ]
INFO: [ app_begin ] --END-- [ RunTime:0.000566s ]
INFO: [ view_parse ] --START--
INFO: [ template_filter ] --START--
INFO: Run Behavior\ContentReplace [ RunTime:0.000029s ]
INFO: [ template_filter ] --END-- [ RunTime:0.000068s ]
INFO: Run Behavior\ParseTemplate [ RunTime:0.003747s ]
INFO: [ view_parse ] --END-- [ RunTime:0.003805s ]
INFO: [ view_filter ] --START--
INFO: Run Behavior\WriteHtmlCache [ RunTime:0.000086s ]
INFO: [ view_filter ] --END-- [ RunTime:0.000115s ]
INFO: [ app_end ] --START--
INFO: Run Behavior\ShowPageTrace [ RunTime:0.000318s ]
INFO: [ app_end ] --END-- [ RunTime:0.000351s ]

