[ 2017-08-01T14:49:45+08:00 ] 223.71.245.118 /admin.php/Login/CheckLogin
INFO: [ app_begin ] --START--
INFO: Run Behavior\ReadHtmlCache [ RunTime:0.000548s ]
INFO: [ app_begin ] --END-- [ RunTime:0.001024s ]
NOTIC: [8192] mysql_connect(): The mysql extension is deprecated and will be removed in the future: use mysqli or PDO instead /www_test/fenxiao/ThinkPHP/Library/Think/Db/Driver/Mysql.class.php 第 52 行.
SQL: SHOW COLUMNS FROM `qph_login` [ RunTime:0.000857s ]
ERR: 1146:Table 'distribution.qph_login' doesn't exist
 [ SQL语句 ] : SHOW COLUMNS FROM `qph_login`
INFO: [ app_end ] --START--
INFO: Run Behavior\ShowPageTrace [ RunTime:0.000626s ]
INFO: [ app_end ] --END-- [ RunTime:0.000676s ]

[ 2017-08-01T14:49:55+08:00 ] 101.226.99.196 /admin.php/Login/CheckLogin
INFO: [ app_begin ] --START--
INFO: Run Behavior\ReadHtmlCache [ RunTime:0.000395s ]
INFO: [ app_begin ] --END-- [ RunTime:0.000669s ]
NOTIC: [8192] mysql_connect(): The mysql extension is deprecated and will be removed in the future: use mysqli or PDO instead /www_test/fenxiao/ThinkPHP/Library/Think/Db/Driver/Mysql.class.php 第 52 行.
SQL: SHOW COLUMNS FROM `qph_login` [ RunTime:0.000508s ]
ERR: 1146:Table 'distribution.qph_login' doesn't exist
 [ SQL语句 ] : SHOW COLUMNS FROM `qph_login`
INFO: [ app_end ] --START--
INFO: Run Behavior\ShowPageTrace [ RunTime:0.000387s ]
INFO: [ app_end ] --END-- [ RunTime:0.000425s ]

